#
# There is insufficient memory for the Java Runtime Environment to continue.
# Native memory allocation (malloc) failed to allocate 255936 bytes for Chunk::new
# Possible reasons:
#   The system is out of physical RAM or swap space
#   The process is running with CompressedOops enabled, and the Java Heap may be blocking the growth of the native heap
# Possible solutions:
#   Reduce memory load on the system
#   Increase physical memory or swap space
#   Check if swap backing store is full
#   Decrease Java heap size (-Xmx/-Xms)
#   Decrease number of Java threads
#   Decrease Java thread stack sizes (-Xss)
#   Set larger code cache with -XX:ReservedCodeCacheSize=
#   JVM is running with Unscaled Compressed Oops mode in which the Java heap is
#     placed in the first 4GB address space. The Java Heap base address is the
#     maximum limit for the native heap growth. Please use -XX:HeapBaseMinAddress
#     to set the Java Heap base and to place the Java Heap above 4GB virtual address.
# This output file may be truncated or incomplete.
#
#  Out of Memory Error (./src/hotspot/share/memory/arena.cpp:197), pid=12712, tid=15112
#
# JRE version: OpenJDK Runtime Environment (11.0.11+9) (build 11.0.11+9-b60-7590822)
# Java VM: OpenJDK 64-Bit Server VM (11.0.11+9-b60-7590822, mixed mode, tiered, compressed oops, g1 gc, windows-amd64)
# No core dump will be written. Minidumps are not enabled by default on client versions of Windows
#

---------------  S U M M A R Y ------------

Command Line: org.jetbrains.kotlin.cli.jvm.K2JVMCompiler @C:\Users\PaulF\AndroidStudioProjects\CS991\app\build\20220328_7508502488094274633.compiler.options

Host: Intel(R) Core(TM) i5-8250U CPU @ 1.60GHz, 8 cores, 7G,  Windows 10 , 64 bit Build 19041 (10.0.19041.1202)
Time: Mon Mar 28 20:15:43 2022 GMT Summer Time elapsed time: 3.704383 seconds (0d 0h 0m 3s)

---------------  T H R E A D  ---------------

Current thread (0x000002216994e000):  JavaThread "C2 CompilerThread0" daemon [_thread_in_native, id=15112, stack(0x00000036fce00000,0x00000036fcf00000)]


Current CompileTask:
C2:   3704 1691   !   4       java.util.zip.InflaterInputStream::read (138 bytes)

Stack: [0x00000036fce00000,0x00000036fcf00000]
Native frames: (J=compiled Java code, j=interpreted, Vv=VM code, C=native code)
V  [jvm.dll+0x5f214a]
V  [jvm.dll+0x726fb5]
V  [jvm.dll+0x7285cd]
V  [jvm.dll+0x728c83]
V  [jvm.dll+0x243278]
V  [jvm.dll+0xbc53c]
V  [jvm.dll+0xbca3c]
V  [jvm.dll+0x2b5c34]
V  [jvm.dll+0x508488]
V  [jvm.dll+0x203d53]
V  [jvm.dll+0x1fdbac]
V  [jvm.dll+0x1fb35f]
V  [jvm.dll+0x183d6c]
V  [jvm.dll+0x209a57]
V  [jvm.dll+0x2082a1]
V  [jvm.dll+0x6ef58f]
V  [jvm.dll+0x6e80b5]
V  [jvm.dll+0x5f1036]
C  [ucrtbase.dll+0x21bb2]
C  [KERNEL32.DLL+0x17034]
C  [ntdll.dll+0x52651]


---------------  P R O C E S S  ---------------

Threads class SMR info:
_java_thread_list=0x0000022169a8fb30, length=10, elements={
0x000002214ccea000, 0x0000022168fb9800, 0x0000022168fbd000, 0x0000022169947800,
0x0000022169949800, 0x000002216994b000, 0x000002216994e000, 0x0000022169950800,
0x0000022169953800, 0x0000022169a9b000
}

Java Threads: ( => current thread )
  0x000002214ccea000 JavaThread "main" [_thread_blocked, id=37316, stack(0x00000036fc200000,0x00000036fc300000)]
  0x0000022168fb9800 JavaThread "Reference Handler" daemon [_thread_blocked, id=32780, stack(0x00000036fc900000,0x00000036fca00000)]
  0x0000022168fbd000 JavaThread "Finalizer" daemon [_thread_blocked, id=27916, stack(0x00000036fca00000,0x00000036fcb00000)]
  0x0000022169947800 JavaThread "Signal Dispatcher" daemon [_thread_blocked, id=42132, stack(0x00000036fcb00000,0x00000036fcc00000)]
  0x0000022169949800 JavaThread "Attach Listener" daemon [_thread_blocked, id=7432, stack(0x00000036fcc00000,0x00000036fcd00000)]
  0x000002216994b000 JavaThread "Service Thread" daemon [_thread_blocked, id=21276, stack(0x00000036fcd00000,0x00000036fce00000)]
=>0x000002216994e000 JavaThread "C2 CompilerThread0" daemon [_thread_in_native, id=15112, stack(0x00000036fce00000,0x00000036fcf00000)]
  0x0000022169950800 JavaThread "C1 CompilerThread0" daemon [_thread_blocked, id=35920, stack(0x00000036fcf00000,0x00000036fd000000)]
  0x0000022169953800 JavaThread "Sweeper thread" daemon [_thread_blocked, id=27812, stack(0x00000036fd000000,0x00000036fd100000)]
  0x0000022169a9b000 JavaThread "Common-Cleaner" daemon [_thread_blocked, id=33368, stack(0x00000036fd200000,0x00000036fd300000)]

Other Threads:
  0x0000022168fb6800 VMThread "VM Thread" [stack: 0x00000036fc800000,0x00000036fc900000] [id=37912]
  0x0000022169a8e800 WatcherThread [stack: 0x00000036fd100000,0x00000036fd200000] [id=14340]
  0x000002214cd02000 GCTaskThread "GC Thread#0" [stack: 0x00000036fc300000,0x00000036fc400000] [id=11520]
  0x000002216a0a4800 GCTaskThread "GC Thread#1" [stack: 0x00000036fd300000,0x00000036fd400000] [id=43320]
  0x000002216a0f2000 GCTaskThread "GC Thread#2" [stack: 0x00000036fd400000,0x00000036fd500000] [id=17328]
  0x000002214cd31000 ConcurrentGCThread "G1 Main Marker" [stack: 0x00000036fc400000,0x00000036fc500000] [id=47076]
  0x000002214cd32800 ConcurrentGCThread "G1 Conc#0" [stack: 0x00000036fc500000,0x00000036fc600000] [id=43488]
  0x000002216a1e2800 ConcurrentGCThread "G1 Conc#1" [stack: 0x00000036fd500000,0x00000036fd600000] [id=35372]
  0x000002214cdc1000 ConcurrentGCThread "G1 Refine#0" [stack: 0x00000036fc600000,0x00000036fc700000] [id=32360]
  0x000002214cdc2000 ConcurrentGCThread "G1 Young RemSet Sampling" [stack: 0x00000036fc700000,0x00000036fc800000] [id=45016]

Threads with active compile tasks:
C2 CompilerThread0   4013 1691   !   4       java.util.zip.InflaterInputStream::read (138 bytes)

VM state:at safepoint (normal execution)

VM Mutex/Monitor currently owned by a thread:  ([mutex/lock_event])
[0x000002214cce6c60] Threads_lock - owner thread: 0x0000022168fb6800
[0x000002214cce6510] Heap_lock - owner thread: 0x000002214ccea000

Heap address: 0x0000000082600000, size: 2010 MB, Compressed Oops mode: 32-bit
Narrow klass base: 0x0000000000000000, Narrow klass shift: 3
Compressed class space size: 1073741824 Address: 0x0000000100000000

Heap:
 garbage-first heap   total 129024K, used 9635K [0x0000000082600000, 0x0000000100000000)
  region size 1024K, 4 young (4096K), 4 survivors (4096K)
 Metaspace       used 21630K, capacity 21846K, committed 21888K, reserved 1083392K
  class space    used 2322K, capacity 2395K, committed 2432K, reserved 1048576K
Heap Regions: E=young(eden), S=young(survivor), O=old, HS=humongous(starts), HC=humongous(continues), CS=collection set, F=free, A=archive, TAMS=top-at-mark-start (previous, next)
|   0|0x0000000082600000, 0x0000000082700000, 0x0000000082700000|100%|HS|  |TAMS 0x0000000082700000, 0x0000000082700000| Complete 
|   1|0x0000000082700000, 0x0000000082800000, 0x0000000082800000|100%|HC|  |TAMS 0x0000000082800000, 0x0000000082800000| Complete 
|   2|0x0000000082800000, 0x0000000082900000, 0x0000000082900000|100%|HC|  |TAMS 0x0000000082900000, 0x0000000082900000| Complete 
|   3|0x0000000082900000, 0x0000000082a00000, 0x0000000082a00000|100%| O|  |TAMS 0x0000000082900000, 0x0000000082a00000| Untracked 
|   4|0x0000000082a00000, 0x0000000082b00000, 0x0000000082b00000|100%| O|  |TAMS 0x0000000082a00000, 0x0000000082b00000| Untracked 
|   5|0x0000000082b00000, 0x0000000082b9a600, 0x0000000082c00000| 60%| O|  |TAMS 0x0000000082b00000, 0x0000000082b9a600| Untracked 
|   6|0x0000000082c00000, 0x0000000082c00000, 0x0000000082d00000|  0%| F|  |TAMS 0x0000000082c00000, 0x0000000082c00000| Untracked 
|   7|0x0000000082d00000, 0x0000000082d00000, 0x0000000082e00000|  0%| F|  |TAMS 0x0000000082d00000, 0x0000000082d00000| Untracked 
|   8|0x0000000082e00000, 0x0000000082e00000, 0x0000000082f00000|  0%| F|  |TAMS 0x0000000082e00000, 0x0000000082e00000| Untracked 
|   9|0x0000000082f00000, 0x0000000082f00000, 0x0000000083000000|  0%| F|  |TAMS 0x0000000082f00000, 0x0000000082f00000| Untracked 
|  10|0x0000000083000000, 0x0000000083000000, 0x0000000083100000|  0%| F|  |TAMS 0x0000000083000000, 0x0000000083000000| Untracked 
|  11|0x0000000083100000, 0x0000000083100000, 0x0000000083200000|  0%| F|  |TAMS 0x0000000083100000, 0x0000000083100000| Untracked 
|  12|0x0000000083200000, 0x0000000083200000, 0x0000000083300000|  0%| F|  |TAMS 0x0000000083200000, 0x0000000083200000| Untracked 
|  13|0x0000000083300000, 0x0000000083300000, 0x0000000083400000|  0%| F|  |TAMS 0x0000000083300000, 0x0000000083300000| Untracked 
|  14|0x0000000083400000, 0x0000000083400000, 0x0000000083500000|  0%| F|  |TAMS 0x0000000083400000, 0x0000000083400000| Untracked 
|  15|0x0000000083500000, 0x0000000083500000, 0x0000000083600000|  0%| F|  |TAMS 0x0000000083500000, 0x0000000083500000| Untracked 
|  16|0x0000000083600000, 0x0000000083600000, 0x0000000083700000|  0%| F|  |TAMS 0x0000000083600000, 0x0000000083600000| Untracked 
|  17|0x0000000083700000, 0x0000000083700000, 0x0000000083800000|  0%| F|  |TAMS 0x0000000083700000, 0x0000000083700000| Untracked 
|  18|0x0000000083800000, 0x0000000083800000, 0x0000000083900000|  0%| F|  |TAMS 0x0000000083800000, 0x0000000083800000| Untracked 
|  19|0x0000000083900000, 0x0000000083900000, 0x0000000083a00000|  0%| F|  |TAMS 0x0000000083900000, 0x0000000083900000| Untracked 
|  20|0x0000000083a00000, 0x0000000083a00000, 0x0000000083b00000|  0%| F|  |TAMS 0x0000000083a00000, 0x0000000083a00000| Untracked 
|  21|0x0000000083b00000, 0x0000000083b00000, 0x0000000083c00000|  0%| F|  |TAMS 0x0000000083b00000, 0x0000000083b00000| Untracked 
|  22|0x0000000083c00000, 0x0000000083c00000, 0x0000000083d00000|  0%| F|  |TAMS 0x0000000083c00000, 0x0000000083c00000| Untracked 
|  23|0x0000000083d00000, 0x0000000083d00000, 0x0000000083e00000|  0%| F|  |TAMS 0x0000000083d00000, 0x0000000083d00000| Untracked 
|  24|0x0000000083e00000, 0x0000000083e00000, 0x0000000083f00000|  0%| F|  |TAMS 0x0000000083e00000, 0x0000000083e00000| Untracked 
|  25|0x0000000083f00000, 0x0000000083f00000, 0x0000000084000000|  0%| F|  |TAMS 0x0000000083f00000, 0x0000000083f00000| Untracked 
|  26|0x0000000084000000, 0x0000000084000000, 0x0000000084100000|  0%| F|  |TAMS 0x0000000084000000, 0x0000000084000000| Untracked 
|  27|0x0000000084100000, 0x0000000084100000, 0x0000000084200000|  0%| F|  |TAMS 0x0000000084100000, 0x0000000084100000| Untracked 
|  28|0x0000000084200000, 0x0000000084200000, 0x0000000084300000|  0%| F|  |TAMS 0x0000000084200000, 0x0000000084200000| Untracked 
|  29|0x0000000084300000, 0x0000000084300000, 0x0000000084400000|  0%| F|  |TAMS 0x0000000084300000, 0x0000000084300000| Untracked 
|  30|0x0000000084400000, 0x0000000084400000, 0x0000000084500000|  0%| F|  |TAMS 0x0000000084400000, 0x0000000084400000| Untracked 
|  31|0x0000000084500000, 0x0000000084500000, 0x0000000084600000|  0%| F|  |TAMS 0x0000000084500000, 0x0000000084500000| Untracked 
|  32|0x0000000084600000, 0x0000000084600000, 0x0000000084700000|  0%| F|  |TAMS 0x0000000084600000, 0x0000000084600000| Untracked 
|  33|0x0000000084700000, 0x0000000084700000, 0x0000000084800000|  0%| F|  |TAMS 0x0000000084700000, 0x0000000084700000| Untracked 
|  34|0x0000000084800000, 0x0000000084800000, 0x0000000084900000|  0%| F|  |TAMS 0x0000000084800000, 0x0000000084800000| Untracked 
|  35|0x0000000084900000, 0x0000000084900000, 0x0000000084a00000|  0%| F|  |TAMS 0x0000000084900000, 0x0000000084900000| Untracked 
|  36|0x0000000084a00000, 0x0000000084a00000, 0x0000000084b00000|  0%| F|  |TAMS 0x0000000084a00000, 0x0000000084a00000| Untracked 
|  37|0x0000000084b00000, 0x0000000084b00000, 0x0000000084c00000|  0%| F|  |TAMS 0x0000000084b00000, 0x0000000084b00000| Untracked 
|  38|0x0000000084c00000, 0x0000000084c00000, 0x0000000084d00000|  0%| F|  |TAMS 0x0000000084c00000, 0x0000000084c00000| Untracked 
|  39|0x0000000084d00000, 0x0000000084d00000, 0x0000000084e00000|  0%| F|  |TAMS 0x0000000084d00000, 0x0000000084d00000| Untracked 
|  40|0x0000000084e00000, 0x0000000084e00000, 0x0000000084f00000|  0%| F|  |TAMS 0x0000000084e00000, 0x0000000084e00000| Untracked 
|  41|0x0000000084f00000, 0x0000000084f00000, 0x0000000085000000|  0%| F|  |TAMS 0x0000000084f00000, 0x0000000084f00000| Untracked 
|  42|0x0000000085000000, 0x0000000085000000, 0x0000000085100000|  0%| F|  |TAMS 0x0000000085000000, 0x0000000085000000| Untracked 
|  43|0x0000000085100000, 0x0000000085100000, 0x0000000085200000|  0%| F|  |TAMS 0x0000000085100000, 0x0000000085100000| Untracked 
|  44|0x0000000085200000, 0x0000000085200000, 0x0000000085300000|  0%| F|  |TAMS 0x0000000085200000, 0x0000000085200000| Untracked 
|  45|0x0000000085300000, 0x0000000085300000, 0x0000000085400000|  0%| F|  |TAMS 0x0000000085300000, 0x0000000085300000| Untracked 
|  46|0x0000000085400000, 0x0000000085400000, 0x0000000085500000|  0%| F|  |TAMS 0x0000000085400000, 0x0000000085400000| Untracked 
|  47|0x0000000085500000, 0x0000000085500000, 0x0000000085600000|  0%| F|  |TAMS 0x0000000085500000, 0x0000000085500000| Untracked 
|  48|0x0000000085600000, 0x0000000085600000, 0x0000000085700000|  0%| F|  |TAMS 0x0000000085600000, 0x0000000085600000| Untracked 
|  49|0x0000000085700000, 0x0000000085700000, 0x0000000085800000|  0%| F|  |TAMS 0x0000000085700000, 0x0000000085700000| Untracked 
|  50|0x0000000085800000, 0x0000000085800000, 0x0000000085900000|  0%| F|  |TAMS 0x0000000085800000, 0x0000000085800000| Untracked 
|  51|0x0000000085900000, 0x0000000085900000, 0x0000000085a00000|  0%| F|  |TAMS 0x0000000085900000, 0x0000000085900000| Untracked 
|  52|0x0000000085a00000, 0x0000000085a00000, 0x0000000085b00000|  0%| F|  |TAMS 0x0000000085a00000, 0x0000000085a00000| Untracked 
|  53|0x0000000085b00000, 0x0000000085b00000, 0x0000000085c00000|  0%| F|  |TAMS 0x0000000085b00000, 0x0000000085b00000| Untracked 
|  54|0x0000000085c00000, 0x0000000085c00000, 0x0000000085d00000|  0%| F|  |TAMS 0x0000000085c00000, 0x0000000085c00000| Untracked 
|  55|0x0000000085d00000, 0x0000000085d00000, 0x0000000085e00000|  0%| F|  |TAMS 0x0000000085d00000, 0x0000000085d00000| Untracked 
|  56|0x0000000085e00000, 0x0000000085e00000, 0x0000000085f00000|  0%| F|  |TAMS 0x0000000085e00000, 0x0000000085e00000| Untracked 
|  57|0x0000000085f00000, 0x0000000085f00000, 0x0000000086000000|  0%| F|  |TAMS 0x0000000085f00000, 0x0000000085f00000| Untracked 
|  58|0x0000000086000000, 0x0000000086000000, 0x0000000086100000|  0%| F|  |TAMS 0x0000000086000000, 0x0000000086000000| Untracked 
|  59|0x0000000086100000, 0x0000000086100000, 0x0000000086200000|  0%| F|  |TAMS 0x0000000086100000, 0x0000000086100000| Untracked 
|  60|0x0000000086200000, 0x0000000086200000, 0x0000000086300000|  0%| F|  |TAMS 0x0000000086200000, 0x0000000086200000| Untracked 
|  61|0x0000000086300000, 0x0000000086300000, 0x0000000086400000|  0%| F|  |TAMS 0x0000000086300000, 0x0000000086300000| Untracked 
|  62|0x0000000086400000, 0x0000000086400000, 0x0000000086500000|  0%| F|  |TAMS 0x0000000086400000, 0x0000000086400000| Untracked 
|  63|0x0000000086500000, 0x0000000086500000, 0x0000000086600000|  0%| F|  |TAMS 0x0000000086500000, 0x0000000086500000| Untracked 
|  64|0x0000000086600000, 0x0000000086600000, 0x0000000086700000|  0%| F|  |TAMS 0x0000000086600000, 0x0000000086600000| Untracked 
|  65|0x0000000086700000, 0x0000000086700000, 0x0000000086800000|  0%| F|  |TAMS 0x0000000086700000, 0x0000000086700000| Untracked 
|  66|0x0000000086800000, 0x0000000086800000, 0x0000000086900000|  0%| F|  |TAMS 0x0000000086800000, 0x0000000086800000| Untracked 
|  67|0x0000000086900000, 0x0000000086900000, 0x0000000086a00000|  0%| F|  |TAMS 0x0000000086900000, 0x0000000086900000| Untracked 
|  68|0x0000000086a00000, 0x0000000086a00000, 0x0000000086b00000|  0%| F|  |TAMS 0x0000000086a00000, 0x0000000086a00000| Untracked 
|  69|0x0000000086b00000, 0x0000000086b00000, 0x0000000086c00000|  0%| F|  |TAMS 0x0000000086b00000, 0x0000000086b00000| Untracked 
|  70|0x0000000086c00000, 0x0000000086c00000, 0x0000000086d00000|  0%| F|  |TAMS 0x0000000086c00000, 0x0000000086c00000| Untracked 
|  71|0x0000000086d00000, 0x0000000086d00000, 0x0000000086e00000|  0%| F|  |TAMS 0x0000000086d00000, 0x0000000086d00000| Untracked 
|  72|0x0000000086e00000, 0x0000000086e00000, 0x0000000086f00000|  0%| F|  |TAMS 0x0000000086e00000, 0x0000000086e00000| Untracked 
|  73|0x0000000086f00000, 0x0000000086f00000, 0x0000000087000000|  0%| F|  |TAMS 0x0000000086f00000, 0x0000000086f00000| Untracked 
|  74|0x0000000087000000, 0x0000000087000000, 0x0000000087100000|  0%| F|  |TAMS 0x0000000087000000, 0x0000000087000000| Untracked 
|  75|0x0000000087100000, 0x0000000087100000, 0x0000000087200000|  0%| F|  |TAMS 0x0000000087100000, 0x0000000087100000| Untracked 
|  76|0x0000000087200000, 0x0000000087200000, 0x0000000087300000|  0%| F|  |TAMS 0x0000000087200000, 0x0000000087200000| Untracked 
|  77|0x0000000087300000, 0x0000000087300000, 0x0000000087400000|  0%| F|  |TAMS 0x0000000087300000, 0x0000000087300000| Untracked 
|  78|0x0000000087400000, 0x0000000087400000, 0x0000000087500000|  0%| F|  |TAMS 0x0000000087400000, 0x0000000087400000| Untracked 
|  79|0x0000000087500000, 0x0000000087500000, 0x0000000087600000|  0%| F|  |TAMS 0x0000000087500000, 0x0000000087500000| Untracked 
|  80|0x0000000087600000, 0x0000000087600000, 0x0000000087700000|  0%| F|  |TAMS 0x0000000087600000, 0x0000000087600000| Untracked 
|  81|0x0000000087700000, 0x0000000087700000, 0x0000000087800000|  0%| F|  |TAMS 0x0000000087700000, 0x0000000087700000| Untracked 
|  82|0x0000000087800000, 0x0000000087800000, 0x0000000087900000|  0%| F|  |TAMS 0x0000000087800000, 0x0000000087800000| Untracked 
|  83|0x0000000087900000, 0x0000000087900000, 0x0000000087a00000|  0%| F|  |TAMS 0x0000000087900000, 0x0000000087900000| Untracked 
|  84|0x0000000087a00000, 0x0000000087a00000, 0x0000000087b00000|  0%| F|  |TAMS 0x0000000087a00000, 0x0000000087a00000| Untracked 
|  85|0x0000000087b00000, 0x0000000087b00000, 0x0000000087c00000|  0%| F|  |TAMS 0x0000000087b00000, 0x0000000087b00000| Untracked 
|  86|0x0000000087c00000, 0x0000000087c00000, 0x0000000087d00000|  0%| F|  |TAMS 0x0000000087c00000, 0x0000000087c00000| Untracked 
|  87|0x0000000087d00000, 0x0000000087d00000, 0x0000000087e00000|  0%| F|  |TAMS 0x0000000087d00000, 0x0000000087d00000| Untracked 
|  88|0x0000000087e00000, 0x0000000087e00000, 0x0000000087f00000|  0%| F|  |TAMS 0x0000000087e00000, 0x0000000087e00000| Untracked 
|  89|0x0000000087f00000, 0x0000000087f00000, 0x0000000088000000|  0%| F|  |TAMS 0x0000000087f00000, 0x0000000087f00000| Untracked 
|  90|0x0000000088000000, 0x0000000088000000, 0x0000000088100000|  0%| F|  |TAMS 0x0000000088000000, 0x0000000088000000| Untracked 
|  91|0x0000000088100000, 0x0000000088100000, 0x0000000088200000|  0%| F|  |TAMS 0x0000000088100000, 0x0000000088100000| Untracked 
|  92|0x0000000088200000, 0x0000000088200000, 0x0000000088300000|  0%| F|  |TAMS 0x0000000088200000, 0x0000000088200000| Untracked 
|  93|0x0000000088300000, 0x0000000088300000, 0x0000000088400000|  0%| F|  |TAMS 0x0000000088300000, 0x0000000088300000| Untracked 
|  94|0x0000000088400000, 0x0000000088400000, 0x0000000088500000|  0%| F|  |TAMS 0x0000000088400000, 0x0000000088400000| Untracked 
|  95|0x0000000088500000, 0x0000000088500000, 0x0000000088600000|  0%| F|  |TAMS 0x0000000088500000, 0x0000000088500000| Untracked 
|  96|0x0000000088600000, 0x0000000088600000, 0x0000000088700000|  0%| F|  |TAMS 0x0000000088600000, 0x0000000088600000| Untracked 
|  97|0x0000000088700000, 0x0000000088700000, 0x0000000088800000|  0%| F|  |TAMS 0x0000000088700000, 0x0000000088700000| Untracked 
|  98|0x0000000088800000, 0x0000000088800000, 0x0000000088900000|  0%| F|  |TAMS 0x0000000088800000, 0x0000000088800000| Untracked 
|  99|0x0000000088900000, 0x0000000088900000, 0x0000000088a00000|  0%| F|  |TAMS 0x0000000088900000, 0x0000000088900000| Untracked 
| 100|0x0000000088a00000, 0x0000000088a00000, 0x0000000088b00000|  0%| F|  |TAMS 0x0000000088a00000, 0x0000000088a00000| Untracked 
| 101|0x0000000088b00000, 0x0000000088b00000, 0x0000000088c00000|  0%| F|  |TAMS 0x0000000088b00000, 0x0000000088b00000| Untracked 
| 102|0x0000000088c00000, 0x0000000088c00000, 0x0000000088d00000|  0%| F|  |TAMS 0x0000000088c00000, 0x0000000088c00000| Untracked 
| 103|0x0000000088d00000, 0x0000000088d00000, 0x0000000088e00000|  0%| F|  |TAMS 0x0000000088d00000, 0x0000000088d00000| Untracked 
| 104|0x0000000088e00000, 0x0000000088e00000, 0x0000000088f00000|  0%| F|  |TAMS 0x0000000088e00000, 0x0000000088e00000| Untracked 
| 105|0x0000000088f00000, 0x0000000088f00000, 0x0000000089000000|  0%| F|  |TAMS 0x0000000088f00000, 0x0000000088f00000| Untracked 
| 106|0x0000000089000000, 0x0000000089000000, 0x0000000089100000|  0%| F|  |TAMS 0x0000000089000000, 0x0000000089000000| Untracked 
| 107|0x0000000089100000, 0x0000000089100000, 0x0000000089200000|  0%| F|  |TAMS 0x0000000089100000, 0x0000000089100000| Untracked 
| 108|0x0000000089200000, 0x0000000089200000, 0x0000000089300000|  0%| F|  |TAMS 0x0000000089200000, 0x0000000089200000| Untracked 
| 109|0x0000000089300000, 0x0000000089300000, 0x0000000089400000|  0%| F|  |TAMS 0x0000000089300000, 0x0000000089300000| Untracked 
| 110|0x0000000089400000, 0x0000000089400000, 0x0000000089500000|  0%| F|  |TAMS 0x0000000089400000, 0x0000000089400000| Untracked 
| 111|0x0000000089500000, 0x0000000089500000, 0x0000000089600000|  0%| F|  |TAMS 0x0000000089500000, 0x0000000089500000| Untracked 
| 112|0x0000000089600000, 0x0000000089600000, 0x0000000089700000|  0%| F|  |TAMS 0x0000000089600000, 0x0000000089600000| Untracked 
| 113|0x0000000089700000, 0x0000000089700000, 0x0000000089800000|  0%| F|  |TAMS 0x0000000089700000, 0x0000000089700000| Untracked 
| 114|0x0000000089800000, 0x0000000089800000, 0x0000000089900000|  0%| F|  |TAMS 0x0000000089800000, 0x0000000089800000| Untracked 
| 115|0x0000000089900000, 0x0000000089900000, 0x0000000089a00000|  0%| F|  |TAMS 0x0000000089900000, 0x0000000089900000| Untracked 
| 116|0x0000000089a00000, 0x0000000089a00000, 0x0000000089b00000|  0%| F|  |TAMS 0x0000000089a00000, 0x0000000089a00000| Untracked 
| 117|0x0000000089b00000, 0x0000000089b00000, 0x0000000089c00000|  0%| F|  |TAMS 0x0000000089b00000, 0x0000000089b00000| Untracked 
| 118|0x0000000089c00000, 0x0000000089cce700, 0x0000000089d00000| 80%| S|CS|TAMS 0x0000000089c00000, 0x0000000089c00000| Complete 
| 119|0x0000000089d00000, 0x0000000089e00000, 0x0000000089e00000|100%| S|CS|TAMS 0x0000000089d00000, 0x0000000089d00000| Complete 
| 120|0x0000000089e00000, 0x0000000089f00000, 0x0000000089f00000|100%| S|CS|TAMS 0x0000000089e00000, 0x0000000089e00000| Complete 
| 121|0x0000000089f00000, 0x000000008a000000, 0x000000008a000000|100%| S|CS|TAMS 0x0000000089f00000, 0x0000000089f00000| Complete 
| 122|0x000000008a000000, 0x000000008a000000, 0x000000008a100000|  0%| F|  |TAMS 0x000000008a000000, 0x000000008a000000| Untracked 
| 123|0x000000008a100000, 0x000000008a100000, 0x000000008a200000|  0%| F|  |TAMS 0x000000008a100000, 0x000000008a100000| Untracked 
| 124|0x000000008a200000, 0x000000008a200000, 0x000000008a300000|  0%| F|  |TAMS 0x000000008a200000, 0x000000008a200000| Untracked 
| 125|0x000000008a300000, 0x000000008a300000, 0x000000008a400000|  0%| F|  |TAMS 0x000000008a300000, 0x000000008a300000| Untracked 

Card table byte_map: [0x0000022161e20000,0x0000022162210000] _byte_map_base: 0x0000022161a0d000

Marking Bits (Prev, Next): (CMBitMap*) 0x000002214cd28410, (CMBitMap*) 0x000002214cd283d8
 Prev Bits: [0x0000022164570000, 0x00000221664d8000)
 Next Bits: [0x0000022162600000, 0x0000022164568000)

Polling page: 0x000002214e580000

Metaspace:

Usage:
  Non-class:     19.00 MB capacity,    18.86 MB (>99%) used,   114.67 KB ( <1%) free+waste,    27.88 KB ( <1%) overhead. 
      Class:      2.34 MB capacity,     2.27 MB ( 97%) used,    59.86 KB (  2%) free+waste,    12.69 KB ( <1%) overhead. 
       Both:     21.33 MB capacity,    21.12 MB (>99%) used,   174.53 KB ( <1%) free+waste,    40.56 KB ( <1%) overhead. 

Virtual space:
  Non-class space:       34.00 MB reserved,      19.00 MB ( 56%) committed 
      Class space:        1.00 GB reserved,       2.38 MB ( <1%) committed 
             Both:        1.03 GB reserved,      21.38 MB (  2%) committed 

Chunk freelists:
   Non-Class:  5.00 KB
       Class:  5.00 KB
        Both:  10.00 KB

MaxMetaspaceSize: 17179869184.00 GB
CompressedClassSpaceSize: 1.00 GB

CodeHeap 'non-profiled nmethods': size=120000Kb used=503Kb max_used=503Kb free=119496Kb
 bounds [0x0000022159a90000, 0x0000022159d00000, 0x0000022160fc0000]
CodeHeap 'profiled nmethods': size=120000Kb used=3176Kb max_used=3176Kb free=116823Kb
 bounds [0x0000022152560000, 0x0000022152880000, 0x0000022159a90000]
CodeHeap 'non-nmethods': size=5760Kb used=1128Kb max_used=1141Kb free=4631Kb
 bounds [0x0000022151fc0000, 0x0000022152230000, 0x0000022152560000]
 total_blobs=2156 nmethods=1698 adapters=370
 compilation: enabled
              stopped_count=0, restarted_count=0
 full_count=0

Compilation events (20 events):
Event: 3.628 Thread 0x000002216994e000 nmethod 1678 0x0000022159b0c290 code [0x0000022159b0c440, 0x0000022159b0c798]
Event: 3.628 Thread 0x000002216994e000 1679       4       java.lang.reflect.Field::<init> (44 bytes)
Event: 3.635 Thread 0x000002216994e000 nmethod 1679 0x0000022159b0c890 code [0x0000022159b0ca20, 0x0000022159b0ce78]
Event: 3.636 Thread 0x000002216994e000 1683       4       java.util.concurrent.ConcurrentHashMap::spread (10 bytes)
Event: 3.636 Thread 0x000002216994e000 nmethod 1683 0x0000022159b0cf10 code [0x0000022159b0d0a0, 0x0000022159b0d0f8]
Event: 3.637 Thread 0x0000022169950800 1684       3       java.lang.invoke.MethodHandles$Lookup::isClassAccessible (32 bytes)
Event: 3.638 Thread 0x0000022169950800 nmethod 1684 0x0000022152875390 code [0x0000022152875580, 0x0000022152875978]
Event: 3.639 Thread 0x0000022169950800 1685       3       java.lang.invoke.MethodTypeForm::cachedLambdaForm (44 bytes)
Event: 3.640 Thread 0x0000022169950800 nmethod 1685 0x0000022152875b10 code [0x0000022152875ce0, 0x0000022152876028]
Event: 3.646 Thread 0x0000022169950800 1686       3       java.lang.invoke.MethodTypeForm::pack (54 bytes)
Event: 3.647 Thread 0x0000022169950800 nmethod 1686 0x0000022152876110 code [0x00000221528762c0, 0x00000221528763d8]
Event: 3.647 Thread 0x0000022169950800 1688   !   3       java.lang.invoke.MemberName$Factory::resolve (157 bytes)
Event: 3.648 Thread 0x0000022169950800 nmethod 1688 0x0000022152876490 code [0x00000221528766c0, 0x0000022152876d48]
Event: 3.648 Thread 0x0000022169950800 1687       3       java.lang.invoke.MemberName::getType (19 bytes)
Event: 3.649 Thread 0x0000022169950800 nmethod 1687 0x0000022152877090 code [0x0000022152877280, 0x0000022152877618]
Event: 3.649 Thread 0x0000022169950800 1689       3       sun.invoke.util.BytecodeDescriptor::unparse (37 bytes)
Event: 3.649 Thread 0x0000022169950800 nmethod 1689 0x0000022152877790 code [0x00000221528779c0, 0x0000022152878098]
Event: 3.650 Thread 0x0000022169950800 1690       3       java.util.Arrays::hashCode (56 bytes)
Event: 3.650 Thread 0x0000022169950800 nmethod 1690 0x0000022152878310 code [0x00000221528784e0, 0x0000022152878808]
Event: 3.664 Thread 0x000002216994e000 1691   !   4       java.util.zip.InflaterInputStream::read (138 bytes)

GC Heap History (4 events):
Event: 1.910 GC heap before
{Heap before GC invocations=0 (full 0):
 garbage-first heap   total 129024K, used 27648K [0x0000000082600000, 0x0000000100000000)
  region size 1024K, 24 young (24576K), 0 survivors (0K)
 Metaspace       used 12350K, capacity 12504K, committed 12800K, reserved 1060864K
  class space    used 1164K, capacity 1207K, committed 1280K, reserved 1048576K
}
Event: 1.920 GC heap after
{Heap after GC invocations=1 (full 0):
 garbage-first heap   total 129024K, used 5950K [0x0000000082600000, 0x0000000100000000)
  region size 1024K, 3 young (3072K), 3 survivors (3072K)
 Metaspace       used 12350K, capacity 12504K, committed 12800K, reserved 1060864K
  class space    used 1164K, capacity 1207K, committed 1280K, reserved 1048576K
}
Event: 3.536 GC heap before
{Heap before GC invocations=1 (full 0):
 garbage-first heap   total 129024K, used 40766K [0x0000000082600000, 0x0000000100000000)
  region size 1024K, 38 young (38912K), 3 survivors (3072K)
 Metaspace       used 20925K, capacity 21158K, committed 21248K, reserved 1071104K
  class space    used 2222K, capacity 2293K, committed 2304K, reserved 1048576K
}
Event: 3.558 GC heap after
{Heap after GC invocations=2 (full 0):
 garbage-first heap   total 129024K, used 9216K [0x0000000082600000, 0x0000000100000000)
  region size 1024K, 6 young (6144K), 6 survivors (6144K)
 Metaspace       used 20925K, capacity 21158K, committed 21248K, reserved 1071104K
  class space    used 2222K, capacity 2293K, committed 2304K, reserved 1048576K
}

Deoptimization events (20 events):
Event: 1.780 Thread 0x000002214ccea000 DEOPT PACKING pc=0x00000221525b0f30 sp=0x00000036fc2fc740
Event: 1.780 Thread 0x000002214ccea000 DEOPT UNPACKING pc=0x0000022151fe6dde sp=0x00000036fc2fbc58 mode 0
Event: 1.882 Thread 0x000002214ccea000 DEOPT PACKING pc=0x00000221525a5cff sp=0x00000036fc2fb620
Event: 1.882 Thread 0x000002214ccea000 DEOPT UNPACKING pc=0x0000022151fe6dde sp=0x00000036fc2faa70 mode 0
Event: 2.114 Thread 0x000002214ccea000 Uncommon trap: trap_request=0xffffff4d fr.pc=0x0000022159abd224 relative=0x00000000000001e4
Event: 2.114 Thread 0x000002214ccea000 Uncommon trap: reason=unstable_if action=reinterpret pc=0x0000022159abd224 method=kotlin.reflect.jvm.internal.impl.protobuf.CodedInputStream.readRawVarint32()I @ 10 c2
Event: 2.114 Thread 0x000002214ccea000 DEOPT PACKING pc=0x0000022159abd224 sp=0x00000036fc2fb2c0
Event: 2.114 Thread 0x000002214ccea000 DEOPT UNPACKING pc=0x0000022151fe662f sp=0x00000036fc2fb240 mode 2
Event: 2.283 Thread 0x000002214ccea000 Uncommon trap: trap_request=0xffffff4d fr.pc=0x0000022159ac895c relative=0x000000000000051c
Event: 2.283 Thread 0x000002214ccea000 Uncommon trap: reason=unstable_if action=reinterpret pc=0x0000022159ac895c method=java.util.ArrayList.newCapacity(I)I @ 25 c2
Event: 2.284 Thread 0x000002214ccea000 DEOPT PACKING pc=0x0000022159ac895c sp=0x00000036fc2fdae0
Event: 2.284 Thread 0x000002214ccea000 DEOPT UNPACKING pc=0x0000022151fe662f sp=0x00000036fc2fd900 mode 2
Event: 2.686 Thread 0x000002214ccea000 Uncommon trap: trap_request=0xffffff4d fr.pc=0x0000022159ac2f6c relative=0x00000000000001cc
Event: 2.686 Thread 0x000002214ccea000 Uncommon trap: reason=unstable_if action=reinterpret pc=0x0000022159ac2f6c method=java.lang.String.startsWith(Ljava/lang/String;I)Z @ 14 c2
Event: 2.686 Thread 0x000002214ccea000 DEOPT PACKING pc=0x0000022159ac2f6c sp=0x00000036fc2fecf0
Event: 2.687 Thread 0x000002214ccea000 DEOPT UNPACKING pc=0x0000022151fe662f sp=0x00000036fc2fec00 mode 2
Event: 2.687 Thread 0x000002214ccea000 Uncommon trap: trap_request=0xffffff4d fr.pc=0x0000022159ab31ec relative=0x000000000000022c
Event: 2.687 Thread 0x000002214ccea000 Uncommon trap: reason=unstable_if action=reinterpret pc=0x0000022159ab31ec method=java.lang.String.startsWith(Ljava/lang/String;I)Z @ 14 c2
Event: 2.687 Thread 0x000002214ccea000 DEOPT PACKING pc=0x0000022159ab31ec sp=0x00000036fc2fec80
Event: 2.687 Thread 0x000002214ccea000 DEOPT UNPACKING pc=0x0000022151fe662f sp=0x00000036fc2fec00 mode 2

Classes redefined (0 events):
No events

Internal exceptions (14 events):
Event: 2.751 Thread 0x000002214ccea000 Exception <a 'java/lang/NoSuchMethodError'{0x00000000890470d0}: 'int java.lang.invoke.DelegatingMethodHandle$Holder.reinvoke_L(java.lang.Object, java.lang.Object, java.lang.Object, long, int, int)'> (0x00000000890470d0) thrown at [./src/hotspot/share/interpreter/linkResolver.cpp, line 773]
Event: 2.757 Thread 0x000002214ccea000 Exception <a 'java/lang/NoSuchMethodError'{0x0000000089054a58}: 'int java.lang.invoke.DelegatingMethodHandle$Holder.reinvoke_L(java.lang.Object, java.lang.Object, java.lang.Object, long, long, long)'> (0x0000000089054a58) thrown at [./src/hotspot/share/interpreter/linkResolver.cpp, line 773]
Event: 2.761 Thread 0x000002214ccea000 Exception <a 'java/lang/NoSuchMethodError'{0x0000000089061c10}: 'int java.lang.invoke.DelegatingMethodHandle$Holder.reinvoke_L(java.lang.Object, java.lang.Object, java.lang.Object, long, java.lang.Object, java.lang.Object)'> (0x0000000089061c10) thrown at [./src/hotspot/share/interpreter/linkResolver.cpp, line 773]
Event: 2.765 Thread 0x000002214ccea000 Exception <a 'java/lang/NoSuchMethodError'{0x000000008906f078}: 'void java.lang.invoke.DelegatingMethodHandle$Holder.reinvoke_L(java.lang.Object, java.lang.Object, java.lang.Object, long, java.lang.Object)'> (0x000000008906f078) thrown at [./src/hotspot/share/interpreter/linkResolver.cpp, line 773]
Event: 2.768 Thread 0x000002214ccea000 Exception <a 'java/lang/NoSuchMethodError'{0x00000000890788f8}: 'java.lang.Object java.lang.invoke.DirectMethodHandle$Holder.invokeSpecial(java.lang.Object, java.lang.Object, java.lang.Object, java.lang.Object, long)'> (0x00000000890788f8) thrown at [./src/hotspot/share/interpreter/linkResolver.cpp, line 773]
Event: 2.768 Thread 0x000002214ccea000 Exception <a 'java/lang/NoSuchMethodError'{0x000000008907be50}: 'java.lang.Object java.lang.invoke.DelegatingMethodHandle$Holder.reinvoke_L(java.lang.Object, java.lang.Object, java.lang.Object, long)'> (0x000000008907be50) thrown at [./src/hotspot/share/interpreter/linkResolver.cpp, line 773]
Event: 2.775 Thread 0x000002214ccea000 Exception <a 'java/lang/NoSuchMethodError'{0x0000000089096540}: 'long java.lang.invoke.Invokers$Holder.invoke_MT(java.lang.Object, java.lang.Object, java.lang.Object, java.lang.Object)'> (0x0000000089096540) thrown at [./src/hotspot/share/interpreter/linkResolver.cpp, line 773]
Event: 2.776 Thread 0x000002214ccea000 Exception <a 'java/lang/NoSuchMethodError'{0x0000000089099bc0}: 'long java.lang.invoke.DelegatingMethodHandle$Holder.reinvoke_L(java.lang.Object, java.lang.Object, java.lang.Object)'> (0x0000000089099bc0) thrown at [./src/hotspot/share/interpreter/linkResolver.cpp, line 773]
Event: 2.781 Thread 0x000002214ccea000 Exception <a 'java/lang/NoSuchMethodError'{0x00000000890a3880}: 'int java.lang.invoke.DirectMethodHandle$Holder.invokeSpecial(java.lang.Object, java.lang.Object, java.lang.Object, java.lang.Object)'> (0x00000000890a3880) thrown at [./src/hotspot/share/interpreter/linkResolver.cpp, line 773]
Event: 2.785 Thread 0x000002214ccea000 Exception <a 'java/lang/NoSuchMethodError'{0x00000000890b2660}: 'int java.lang.invoke.DelegatingMethodHandle$Holder.reinvoke_L(java.lang.Object, java.lang.Object, java.lang.Object, long, int)'> (0x00000000890b2660) thrown at [./src/hotspot/share/interpreter/linkResolver.cpp, line 773]
Event: 3.047 Thread 0x000002214ccea000 Exception <a 'java/lang/NoSuchMethodError'{0x0000000088cfedb0}: 'int java.lang.invoke.DirectMethodHandle$Holder.invokeSpecialIFC(java.lang.Object, java.lang.Object, int)'> (0x0000000088cfedb0) thrown at [./src/hotspot/share/interpreter/linkResolver.cpp, line 773]
Event: 3.450 Thread 0x000002214ccea000 Exception <a 'java/lang/NoSuchMethodError'{0x000000008802bdf0}: 'java.lang.Object java.lang.invoke.DirectMethodHandle$Holder.invokeStaticInit(java.lang.Object, int)'> (0x000000008802bdf0) thrown at [./src/hotspot/share/interpreter/linkResolver.cpp, line 773]
Event: 3.519 Thread 0x000002214ccea000 Exception <a 'java/lang/NoSuchMethodError'{0x0000000087fea2c8}: 'long java.lang.invoke.DirectMethodHandle$Holder.invokeStatic(java.lang.Object)'> (0x0000000087fea2c8) thrown at [./src/hotspot/share/interpreter/linkResolver.cpp, line 773]
Event: 3.519 Thread 0x000002214ccea000 Exception <a 'java/lang/NoSuchMethodError'{0x0000000087fed120}: 'long java.lang.invoke.DirectMethodHandle$Holder.invokeStaticInit(java.lang.Object)'> (0x0000000087fed120) thrown at [./src/hotspot/share/interpreter/linkResolver.cpp, line 773]

Events (20 events):
Event: 3.670 loading class org/jetbrains/kotlin/org/picocontainer/defaults/PicoInvocationTargetInitializationException
Event: 3.670 loading class org/jetbrains/kotlin/org/picocontainer/defaults/PicoInvocationTargetInitializationException done
Event: 3.670 loading class org/jetbrains/kotlin/org/picocontainer/PicoInitializationException
Event: 3.670 loading class org/jetbrains/kotlin/org/picocontainer/PicoInitializationException done
Event: 3.670 loading class org/jetbrains/kotlin/org/picocontainer/defaults/TooManySatisfiableConstructorsException
Event: 3.670 loading class org/jetbrains/kotlin/org/picocontainer/defaults/TooManySatisfiableConstructorsException done
Event: 3.670 loading class org/jetbrains/kotlin/org/picocontainer/defaults/UnsatisfiableDependenciesException
Event: 3.670 loading class org/jetbrains/kotlin/org/picocontainer/defaults/UnsatisfiableDependenciesException done
Event: 3.670 loading class org/jetbrains/kotlin/org/picocontainer/defaults/CyclicDependencyException
Event: 3.670 loading class org/jetbrains/kotlin/org/picocontainer/defaults/CyclicDependencyException done
Event: 3.671 loading class org/jetbrains/kotlin/com/intellij/DynamicBundle$LanguageBundleEP
Event: 3.671 loading class org/jetbrains/kotlin/com/intellij/DynamicBundle$LanguageBundleEP done
Event: 3.676 loading class org/jetbrains/kotlin/com/intellij/ide/highlighter/JavaClassFileType
Event: 3.676 loading class org/jetbrains/kotlin/com/intellij/ide/highlighter/JavaClassFileType done
Event: 3.681 loading class org/jetbrains/kotlin/com/intellij/ide/highlighter/JavaFileType
Event: 3.681 loading class org/jetbrains/kotlin/com/intellij/ide/highlighter/JavaFileType done
Event: 3.686 loading class org/jetbrains/kotlin/com/intellij/openapi/fileTypes/LanguageFileType
Event: 3.686 loading class org/jetbrains/kotlin/com/intellij/openapi/fileTypes/LanguageFileType done
Event: 3.686 loading class org/jetbrains/kotlin/com/intellij/diagnostic/ImplementationConflictException
Event: 3.686 loading class org/jetbrains/kotlin/com/intellij/diagnostic/ImplementationConflictException done


Dynamic libraries:
0x00007ff609f30000 - 0x00007ff609f3a000 	C:\Program Files\Android\Android Studio\jre\bin\java.exe
0x00007ffac1cb0000 - 0x00007ffac1ea5000 	C:\WINDOWS\SYSTEM32\ntdll.dll
0x00007ffac0c60000 - 0x00007ffac0d1e000 	C:\WINDOWS\System32\KERNEL32.DLL
0x00007ffabf630000 - 0x00007ffabf8f9000 	C:\WINDOWS\System32\KERNELBASE.dll
0x00007ffabf3d0000 - 0x00007ffabf4d0000 	C:\WINDOWS\System32\ucrtbase.dll
0x00007ffaac3d0000 - 0x00007ffaac3e7000 	C:\Program Files\Android\Android Studio\jre\bin\VCRUNTIME140.dll
0x00007ffab8a10000 - 0x00007ffab8a29000 	C:\Program Files\Android\Android Studio\jre\bin\jli.dll
0x00007ffac03c0000 - 0x00007ffac0561000 	C:\WINDOWS\System32\USER32.dll
0x00007ffabf950000 - 0x00007ffabf972000 	C:\WINDOWS\System32\win32u.dll
0x00007ffac1a70000 - 0x00007ffac1a9b000 	C:\WINDOWS\System32\GDI32.dll
0x00007ffabfbf0000 - 0x00007ffabfcfb000 	C:\WINDOWS\System32\gdi32full.dll
0x00007ffabf980000 - 0x00007ffabfa1d000 	C:\WINDOWS\System32\msvcp_win.dll
0x00007ffaac680000 - 0x00007ffaac91a000 	C:\WINDOWS\WinSxS\amd64_microsoft.windows.common-controls_6595b64144ccf1df_6.0.19041.1110_none_60b5254171f9507e\COMCTL32.dll
0x00007ffabfef0000 - 0x00007ffabff8e000 	C:\WINDOWS\System32\msvcrt.dll
0x00007ffac0c20000 - 0x00007ffac0c50000 	C:\WINDOWS\System32\IMM32.DLL
0x00007ffa93b10000 - 0x00007ffa93bad000 	C:\Program Files\Android\Android Studio\jre\bin\msvcp140.dll
0x00007ffa51570000 - 0x00007ffa52045000 	C:\Program Files\Android\Android Studio\jre\bin\server\jvm.dll
0x00007ffabffa0000 - 0x00007ffac004c000 	C:\WINDOWS\System32\ADVAPI32.dll
0x00007ffac0050000 - 0x00007ffac00eb000 	C:\WINDOWS\System32\sechost.dll
0x00007ffac0570000 - 0x00007ffac069a000 	C:\WINDOWS\System32\RPCRT4.dll
0x00007ffabff90000 - 0x00007ffabff98000 	C:\WINDOWS\System32\PSAPI.DLL
0x00007ffaabce0000 - 0x00007ffaabd07000 	C:\WINDOWS\SYSTEM32\WINMM.dll
0x00007ffab2fc0000 - 0x00007ffab2fca000 	C:\WINDOWS\SYSTEM32\VERSION.dll
0x00007ffaa29b0000 - 0x00007ffaa29b9000 	C:\WINDOWS\SYSTEM32\WSOCK32.dll
0x00007ffac06a0000 - 0x00007ffac070b000 	C:\WINDOWS\System32\WS2_32.dll
0x00007ffabdca0000 - 0x00007ffabdcb2000 	C:\WINDOWS\SYSTEM32\kernel.appcore.dll
0x00007ffab6c00000 - 0x00007ffab6c11000 	C:\Program Files\Android\Android Studio\jre\bin\verify.dll
0x00007ffabd1c0000 - 0x00007ffabd3a4000 	C:\WINDOWS\SYSTEM32\DBGHELP.DLL
0x00007ffaad6d0000 - 0x00007ffaad6fc000 	C:\WINDOWS\SYSTEM32\dbgcore.DLL
0x00007ffabfa20000 - 0x00007ffabfaa3000 	C:\WINDOWS\System32\bcryptPrimitives.dll
0x00007ffaacf60000 - 0x00007ffaacf89000 	C:\Program Files\Android\Android Studio\jre\bin\java.dll
0x00007ffaba720000 - 0x00007ffaba72b000 	C:\Program Files\Android\Android Studio\jre\bin\jimage.dll
0x00007ffab6be0000 - 0x00007ffab6bf8000 	C:\Program Files\Android\Android Studio\jre\bin\zip.dll
0x00007ffac0d80000 - 0x00007ffac14bf000 	C:\WINDOWS\System32\SHELL32.dll
0x00007ffabd4b0000 - 0x00007ffabdc40000 	C:\WINDOWS\SYSTEM32\windows.storage.dll
0x00007ffac0830000 - 0x00007ffac0b85000 	C:\WINDOWS\System32\combase.dll
0x00007ffabed50000 - 0x00007ffabed7c000 	C:\WINDOWS\SYSTEM32\Wldp.dll
0x00007ffac0220000 - 0x00007ffac02cd000 	C:\WINDOWS\System32\SHCORE.dll
0x00007ffac0770000 - 0x00007ffac07c5000 	C:\WINDOWS\System32\shlwapi.dll
0x00007ffabf310000 - 0x00007ffabf32f000 	C:\WINDOWS\SYSTEM32\profapi.dll
0x00007ffab6b90000 - 0x00007ffab6baa000 	C:\Program Files\Android\Android Studio\jre\bin\net.dll
0x00007ffabc650000 - 0x00007ffabc758000 	C:\WINDOWS\SYSTEM32\WINHTTP.dll
0x00007ffabeab0000 - 0x00007ffabeb1a000 	C:\WINDOWS\system32\mswsock.dll
0x00007ffab46e0000 - 0x00007ffab46f4000 	C:\Program Files\Android\Android Studio\jre\bin\nio.dll

dbghelp: loaded successfully - version: 4.0.5 - missing functions: none
symbol engine: initialized successfully - sym options: 0x614 - pdb path: .;C:\Program Files\Android\Android Studio\jre\bin;C:\WINDOWS\SYSTEM32;C:\WINDOWS\WinSxS\amd64_microsoft.windows.common-controls_6595b64144ccf1df_6.0.19041.1110_none_60b5254171f9507e;C:\Program Files\Android\Android Studio\jre\bin\server

VM Arguments:
java_command: org.jetbrains.kotlin.cli.jvm.K2JVMCompiler @C:\Users\PaulF\AndroidStudioProjects\CS991\app\build\20220328_7508502488094274633.compiler.options
java_class_path (initial): C:\Users\PaulF\.gradle\caches\modules-2\files-2.1\org.jetbrains.kotlin\kotlin-compiler-embeddable\1.6.10\88f2073f4020cdb83132cfe940ceb9a60aba54ea\kotlin-compiler-embeddable-1.6.10.jar;C:\Users\PaulF\.gradle\caches\modules-2\files-2.1\org.jetbrains.kotlin\kotlin-reflect\1.6.10\1cbe9c92c12a94eea200d23c2bbaedaf3daf5132\kotlin-reflect-1.6.10.jar;C:\Users\PaulF\.gradle\caches\modules-2\files-2.1\org.jetbrains.kotlin\kotlin-stdlib\1.6.10\b8af3fe6f1ca88526914929add63cf5e7c5049af\kotlin-stdlib-1.6.10.jar;C:\Users\PaulF\.gradle\caches\modules-2\files-2.1\org.jetbrains.kotlin\kotlin-script-runtime\1.6.10\d0a7ff2e2500ef497ed0214ae40ad3c8387a6164\kotlin-script-runtime-1.6.10.jar;C:\Users\PaulF\.gradle\caches\modules-2\files-2.1\org.jetbrains.kotlin\kotlin-daemon-embeddable\1.6.10\a56d79bcbea411fa6058e4ecffc2de73e742bd2a\kotlin-daemon-embeddable-1.6.10.jar;C:\Users\PaulF\.gradle\caches\modules-2\files-2.1\org.jetbrains.intellij.deps\trove4j\1.0.20181211\216c2e14b070f334479d800987affe4054cd563f\trove4j-1.0.20181211.jar;C:\Users\PaulF\.gradle\caches\modules-2\files-2.1\net.java.dev.jna\jna\5.6.0\330f2244e9030119ab3030fc3fededc86713d9cc\jna-5.6.0.jar;C:\Users\PaulF\.gradle\caches\modules-2\files-2.1\org.jetbrains\annotations\13.0\919f0dfe192fb4e063e7dacadee7f8bb9a2672a9\annotations-13.0.jar;C:\Users\PaulF\.gradle\caches\modules-2\files-2.1\org.jetbrains.kotlin\kotlin-stdlib-common\1.6.10\c118700e3a33c8a0d9adc920e9dec0831171925\kotlin-stdlib-common-1.6.10.jar
Launcher Type: SUN_STANDARD

[Global flags]
     intx CICompilerCount                          = 4                                         {product} {ergonomic}
     uint ConcGCThreads                            = 2                                         {product} {ergonomic}
     uint G1ConcRefinementThreads                  = 8                                         {product} {ergonomic}
   size_t G1HeapRegionSize                         = 1048576                                   {product} {ergonomic}
    uintx GCDrainStackTargetSize                   = 64                                        {product} {ergonomic}
   size_t InitialHeapSize                          = 132120576                                 {product} {ergonomic}
   size_t MarkStackSize                            = 4194304                                   {product} {ergonomic}
   size_t MaxHeapSize                              = 2107637760                                {product} {ergonomic}
   size_t MaxNewSize                               = 1264582656                                {product} {ergonomic}
   size_t MinHeapDeltaBytes                        = 1048576                                   {product} {ergonomic}
    uintx NonNMethodCodeHeapSize                   = 5836300                                {pd product} {ergonomic}
    uintx NonProfiledCodeHeapSize                  = 122910970                              {pd product} {ergonomic}
    uintx ProfiledCodeHeapSize                     = 122910970                              {pd product} {ergonomic}
    uintx ReservedCodeCacheSize                    = 251658240                              {pd product} {ergonomic}
     bool SegmentedCodeCache                       = true                                      {product} {ergonomic}
     bool UseCompressedClassPointers               = true                                 {lp64_product} {ergonomic}
     bool UseCompressedOops                        = true                                 {lp64_product} {ergonomic}
     bool UseG1GC                                  = true                                      {product} {ergonomic}
     bool UseLargePagesIndividualAllocation        = false                                  {pd product} {ergonomic}

Logging:
Log output configuration:
 #0: stdout all=warning uptime,level,tags
 #1: stderr all=off uptime,level,tags

Environment Variables:
PATH=C:\WINDOWS\system32;C:\WINDOWS;C:\WINDOWS\System32\Wbem;C:\WINDOWS\System32\WindowsPowerShell\v1.0\;C:\WINDOWS\System32\OpenSSH\;C:\Program Files (x86)\Intel\Intel(R) Management Engine Components\DAL;C:\Program Files\Intel\Intel(R) Management Engine Components\DAL;C:\Program Files\Git\cmd;C:\Program Files\Intel\WiFi\bin\;C:\Program Files\Common Files\Intel\WirelessCommon\;C:\Users\PaulF\AppData\Local\Programs\Python\Python39\Scripts\;C:\Users\PaulF\AppData\Local\Programs\Python\Python39\;C:\Users\PaulF\AppData\Local\Microsoft\WindowsApps;;C:\Users\PaulF\AppData\Local\Programs\Microsoft VS Code\bin
USERNAME=PaulF
OS=Windows_NT
PROCESSOR_IDENTIFIER=Intel64 Family 6 Model 142 Stepping 10, GenuineIntel



---------------  S Y S T E M  ---------------

OS: Windows 10 , 64 bit Build 19041 (10.0.19041.1202)
OS uptime: 7 days 22:26 hours

CPU:total 8 (initial active 8) (4 cores per cpu, 2 threads per core) family 6 model 142 stepping 10 microcode 0xb4, cmov, cx8, fxsr, mmx, sse, sse2, sse3, ssse3, sse4.1, sse4.2, popcnt, avx, avx2, aes, clmul, erms, 3dnowpref, lzcnt, ht, tsc, tscinvbit, bmi1, bmi2, adx, fma

Memory: 4k page, system-wide physical 8034M (179M free)
TotalPageFile size 18207M (AvailPageFile size 0M)
current process WorkingSet (physical memory assigned to process): 114M, peak: 114M
current process commit charge ("private bytes"): 229M, peak: 230M

vm_info: OpenJDK 64-Bit Server VM (11.0.11+9-b60-7590822) for windows-amd64 JRE (11.0.11+9-b60-7590822), built on Jul 29 2021 21:43:44 by "builder" with MS VC++ 14.0 (VS2015)

END.
