#
# There is insufficient memory for the Java Runtime Environment to continue.
# Native memory allocation (malloc) failed to allocate 342096 bytes for Chunk::new
# Possible reasons:
#   The system is out of physical RAM or swap space
#   The process is running with CompressedOops enabled, and the Java Heap may be blocking the growth of the native heap
# Possible solutions:
#   Reduce memory load on the system
#   Increase physical memory or swap space
#   Check if swap backing store is full
#   Decrease Java heap size (-Xmx/-Xms)
#   Decrease number of Java threads
#   Decrease Java thread stack sizes (-Xss)
#   Set larger code cache with -XX:ReservedCodeCacheSize=
#   JVM is running with Unscaled Compressed Oops mode in which the Java heap is
#     placed in the first 4GB address space. The Java Heap base address is the
#     maximum limit for the native heap growth. Please use -XX:HeapBaseMinAddress
#     to set the Java Heap base and to place the Java Heap above 4GB virtual address.
# This output file may be truncated or incomplete.
#
#  Out of Memory Error (./src/hotspot/share/memory/arena.cpp:197), pid=48056, tid=29852
#
# JRE version: OpenJDK Runtime Environment (11.0.11+9) (build 11.0.11+9-b60-7590822)
# Java VM: OpenJDK 64-Bit Server VM (11.0.11+9-b60-7590822, mixed mode, tiered, compressed oops, g1 gc, windows-amd64)
# No core dump will be written. Minidumps are not enabled by default on client versions of Windows
#

---------------  S U M M A R Y ------------

Command Line: org.jetbrains.kotlin.cli.jvm.K2JVMCompiler @C:\Users\PaulF\AndroidStudioProjects\CS991\app\build\20220328_13052837281543181527.compiler.options

Host: Intel(R) Core(TM) i5-8250U CPU @ 1.60GHz, 8 cores, 7G,  Windows 10 , 64 bit Build 19041 (10.0.19041.1202)
Time: Mon Mar 28 20:13:59 2022 GMT Summer Time elapsed time: 3.789288 seconds (0d 0h 0m 3s)

---------------  T H R E A D  ---------------

Current thread (0x00000233e9aec800):  JavaThread "C2 CompilerThread1" daemon [_thread_in_native, id=29852, stack(0x000000ba89300000,0x000000ba89400000)]


Current CompileTask:
C2:   3789 2000   !   4       jdk.internal.loader.BuiltinClassLoader::loadClassOrNull (143 bytes)

Stack: [0x000000ba89300000,0x000000ba89400000]
Native frames: (J=compiled Java code, j=interpreted, Vv=VM code, C=native code)
V  [jvm.dll+0x5f214a]
V  [jvm.dll+0x726fb5]
V  [jvm.dll+0x7285cd]
V  [jvm.dll+0x728c83]
V  [jvm.dll+0x243278]
V  [jvm.dll+0xbc53c]
V  [jvm.dll+0xbca3c]
V  [jvm.dll+0x4ec440]
V  [jvm.dll+0x3218c2]
V  [jvm.dll+0x320d8a]
V  [jvm.dll+0x1fc1e2]
V  [jvm.dll+0x1fb3d4]
V  [jvm.dll+0x183d6c]
V  [jvm.dll+0x209a57]
V  [jvm.dll+0x2082a1]
V  [jvm.dll+0x6ef58f]
V  [jvm.dll+0x6e80b5]
V  [jvm.dll+0x5f1036]
C  [ucrtbase.dll+0x21bb2]
C  [KERNEL32.DLL+0x17034]
C  [ntdll.dll+0x52651]


---------------  P R O C E S S  ---------------

Threads class SMR info:
_java_thread_list=0x00000233e891c6d0, length=11, elements={
0x00000233cd93a000, 0x00000233e7c7b000, 0x00000233e7c7c800, 0x00000233e85f7800,
0x00000233e85fa000, 0x00000233e85fb000, 0x00000233e85fe800, 0x00000233e8600800,
0x00000233e7c9f800, 0x00000233e874f000, 0x00000233e9aec800
}

Java Threads: ( => current thread )
  0x00000233cd93a000 JavaThread "main" [_thread_in_Java, id=41644, stack(0x000000ba87f00000,0x000000ba88000000)]
  0x00000233e7c7b000 JavaThread "Reference Handler" daemon [_thread_blocked, id=47724, stack(0x000000ba88600000,0x000000ba88700000)]
  0x00000233e7c7c800 JavaThread "Finalizer" daemon [_thread_blocked, id=20484, stack(0x000000ba88700000,0x000000ba88800000)]
  0x00000233e85f7800 JavaThread "Signal Dispatcher" daemon [_thread_blocked, id=38372, stack(0x000000ba88800000,0x000000ba88900000)]
  0x00000233e85fa000 JavaThread "Attach Listener" daemon [_thread_blocked, id=45728, stack(0x000000ba88900000,0x000000ba88a00000)]
  0x00000233e85fb000 JavaThread "Service Thread" daemon [_thread_blocked, id=23784, stack(0x000000ba88a00000,0x000000ba88b00000)]
  0x00000233e85fe800 JavaThread "C2 CompilerThread0" daemon [_thread_blocked, id=24324, stack(0x000000ba88b00000,0x000000ba88c00000)]
  0x00000233e8600800 JavaThread "C1 CompilerThread0" daemon [_thread_blocked, id=38936, stack(0x000000ba88c00000,0x000000ba88d00000)]
  0x00000233e7c9f800 JavaThread "Sweeper thread" daemon [_thread_blocked, id=45044, stack(0x000000ba88d00000,0x000000ba88e00000)]
  0x00000233e874f000 JavaThread "Common-Cleaner" daemon [_thread_blocked, id=42060, stack(0x000000ba88f00000,0x000000ba89000000)]
=>0x00000233e9aec800 JavaThread "C2 CompilerThread1" daemon [_thread_in_native, id=29852, stack(0x000000ba89300000,0x000000ba89400000)]

Other Threads:
  0x00000233e7c77000 VMThread "VM Thread" [stack: 0x000000ba88500000,0x000000ba88600000] [id=31960]
  0x00000233e8753800 WatcherThread [stack: 0x000000ba88e00000,0x000000ba88f00000] [id=37148]
  0x00000233cd951800 GCTaskThread "GC Thread#0" [stack: 0x000000ba88000000,0x000000ba88100000] [id=27876]
  0x00000233e8dba800 GCTaskThread "GC Thread#1" [stack: 0x000000ba89000000,0x000000ba89100000] [id=37640]
  0x00000233e8dbb000 GCTaskThread "GC Thread#2" [stack: 0x000000ba89100000,0x000000ba89200000] [id=28700]
  0x00000233cd981000 ConcurrentGCThread "G1 Main Marker" [stack: 0x000000ba88100000,0x000000ba88200000] [id=26024]
  0x00000233cd982800 ConcurrentGCThread "G1 Conc#0" [stack: 0x000000ba88200000,0x000000ba88300000] [id=45040]
  0x00000233e9a29800 ConcurrentGCThread "G1 Conc#1" [stack: 0x000000ba89200000,0x000000ba89300000] [id=33880]
  0x00000233cda16000 ConcurrentGCThread "G1 Refine#0" [stack: 0x000000ba88300000,0x000000ba88400000] [id=39312]
  0x00000233e7ac1800 ConcurrentGCThread "G1 Young RemSet Sampling" [stack: 0x000000ba88400000,0x000000ba88500000] [id=41832]

Threads with active compile tasks:
C2 CompilerThread1   3815 2000   !   4       jdk.internal.loader.BuiltinClassLoader::loadClassOrNull (143 bytes)

VM state:not at safepoint (normal execution)

VM Mutex/Monitor currently owned by a thread: None

Heap address: 0x0000000082600000, size: 2010 MB, Compressed Oops mode: 32-bit
Narrow klass base: 0x0000000000000000, Narrow klass shift: 3
Compressed class space size: 1073741824 Address: 0x0000000100000000

Heap:
 garbage-first heap   total 129024K, used 36755K [0x0000000082600000, 0x0000000100000000)
  region size 1024K, 31 young (31744K), 6 survivors (6144K)
 Metaspace       used 28482K, capacity 28957K, committed 29184K, reserved 1075200K
  class space    used 3111K, capacity 3290K, committed 3328K, reserved 1048576K
Heap Regions: E=young(eden), S=young(survivor), O=old, HS=humongous(starts), HC=humongous(continues), CS=collection set, F=free, A=archive, TAMS=top-at-mark-start (previous, next)
|   0|0x0000000082600000, 0x0000000082700000, 0x0000000082700000|100%|HS|  |TAMS 0x0000000082700000, 0x0000000082600000| Complete 
|   1|0x0000000082700000, 0x0000000082800000, 0x0000000082800000|100%|HC|  |TAMS 0x0000000082800000, 0x0000000082700000| Complete 
|   2|0x0000000082800000, 0x0000000082900000, 0x0000000082900000|100%|HC|  |TAMS 0x0000000082900000, 0x0000000082800000| Complete 
|   3|0x0000000082900000, 0x0000000082a00000, 0x0000000082a00000|100%|HS|  |TAMS 0x0000000082900000, 0x0000000082900000| Complete 
|   4|0x0000000082a00000, 0x0000000082b00000, 0x0000000082b00000|100%|HC|  |TAMS 0x0000000082a00000, 0x0000000082a00000| Complete 
|   5|0x0000000082b00000, 0x0000000082c00000, 0x0000000082c00000|100%|HC|  |TAMS 0x0000000082b00000, 0x0000000082b00000| Complete 
|   6|0x0000000082c00000, 0x0000000082c00000, 0x0000000082d00000|  0%| F|  |TAMS 0x0000000082c00000, 0x0000000082c00000| Untracked 
|   7|0x0000000082d00000, 0x0000000082d00000, 0x0000000082e00000|  0%| F|  |TAMS 0x0000000082d00000, 0x0000000082d00000| Untracked 
|   8|0x0000000082e00000, 0x0000000082e00000, 0x0000000082f00000|  0%| F|  |TAMS 0x0000000082e00000, 0x0000000082e00000| Untracked 
|   9|0x0000000082f00000, 0x0000000082f00000, 0x0000000083000000|  0%| F|  |TAMS 0x0000000082f00000, 0x0000000082f00000| Untracked 
|  10|0x0000000083000000, 0x0000000083000000, 0x0000000083100000|  0%| F|  |TAMS 0x0000000083000000, 0x0000000083000000| Untracked 
|  11|0x0000000083100000, 0x0000000083100000, 0x0000000083200000|  0%| F|  |TAMS 0x0000000083100000, 0x0000000083100000| Untracked 
|  12|0x0000000083200000, 0x0000000083200000, 0x0000000083300000|  0%| F|  |TAMS 0x0000000083200000, 0x0000000083200000| Untracked 
|  13|0x0000000083300000, 0x0000000083300000, 0x0000000083400000|  0%| F|  |TAMS 0x0000000083300000, 0x0000000083300000| Untracked 
|  14|0x0000000083400000, 0x0000000083400000, 0x0000000083500000|  0%| F|  |TAMS 0x0000000083400000, 0x0000000083400000| Untracked 
|  15|0x0000000083500000, 0x0000000083500000, 0x0000000083600000|  0%| F|  |TAMS 0x0000000083500000, 0x0000000083500000| Untracked 
|  16|0x0000000083600000, 0x0000000083600000, 0x0000000083700000|  0%| F|  |TAMS 0x0000000083600000, 0x0000000083600000| Untracked 
|  17|0x0000000083700000, 0x0000000083700000, 0x0000000083800000|  0%| F|  |TAMS 0x0000000083700000, 0x0000000083700000| Untracked 
|  18|0x0000000083800000, 0x0000000083800000, 0x0000000083900000|  0%| F|  |TAMS 0x0000000083800000, 0x0000000083800000| Untracked 
|  19|0x0000000083900000, 0x0000000083900000, 0x0000000083a00000|  0%| F|  |TAMS 0x0000000083900000, 0x0000000083900000| Untracked 
|  20|0x0000000083a00000, 0x0000000083a00000, 0x0000000083b00000|  0%| F|  |TAMS 0x0000000083a00000, 0x0000000083a00000| Untracked 
|  21|0x0000000083b00000, 0x0000000083b00000, 0x0000000083c00000|  0%| F|  |TAMS 0x0000000083b00000, 0x0000000083b00000| Untracked 
|  22|0x0000000083c00000, 0x0000000083c00000, 0x0000000083d00000|  0%| F|  |TAMS 0x0000000083c00000, 0x0000000083c00000| Untracked 
|  23|0x0000000083d00000, 0x0000000083d00000, 0x0000000083e00000|  0%| F|  |TAMS 0x0000000083d00000, 0x0000000083d00000| Untracked 
|  24|0x0000000083e00000, 0x0000000083e00000, 0x0000000083f00000|  0%| F|  |TAMS 0x0000000083e00000, 0x0000000083e00000| Untracked 
|  25|0x0000000083f00000, 0x0000000083f00000, 0x0000000084000000|  0%| F|  |TAMS 0x0000000083f00000, 0x0000000083f00000| Untracked 
|  26|0x0000000084000000, 0x0000000084000000, 0x0000000084100000|  0%| F|  |TAMS 0x0000000084000000, 0x0000000084000000| Untracked 
|  27|0x0000000084100000, 0x0000000084100000, 0x0000000084200000|  0%| F|  |TAMS 0x0000000084100000, 0x0000000084100000| Untracked 
|  28|0x0000000084200000, 0x0000000084200000, 0x0000000084300000|  0%| F|  |TAMS 0x0000000084200000, 0x0000000084200000| Untracked 
|  29|0x0000000084300000, 0x0000000084300000, 0x0000000084400000|  0%| F|  |TAMS 0x0000000084300000, 0x0000000084300000| Untracked 
|  30|0x0000000084400000, 0x0000000084400000, 0x0000000084500000|  0%| F|  |TAMS 0x0000000084400000, 0x0000000084400000| Untracked 
|  31|0x0000000084500000, 0x0000000084500000, 0x0000000084600000|  0%| F|  |TAMS 0x0000000084500000, 0x0000000084500000| Untracked 
|  32|0x0000000084600000, 0x0000000084600000, 0x0000000084700000|  0%| F|  |TAMS 0x0000000084600000, 0x0000000084600000| Untracked 
|  33|0x0000000084700000, 0x0000000084700000, 0x0000000084800000|  0%| F|  |TAMS 0x0000000084700000, 0x0000000084700000| Untracked 
|  34|0x0000000084800000, 0x0000000084800000, 0x0000000084900000|  0%| F|  |TAMS 0x0000000084800000, 0x0000000084800000| Untracked 
|  35|0x0000000084900000, 0x0000000084900000, 0x0000000084a00000|  0%| F|  |TAMS 0x0000000084900000, 0x0000000084900000| Untracked 
|  36|0x0000000084a00000, 0x0000000084a00000, 0x0000000084b00000|  0%| F|  |TAMS 0x0000000084a00000, 0x0000000084a00000| Untracked 
|  37|0x0000000084b00000, 0x0000000084b00000, 0x0000000084c00000|  0%| F|  |TAMS 0x0000000084b00000, 0x0000000084b00000| Untracked 
|  38|0x0000000084c00000, 0x0000000084c00000, 0x0000000084d00000|  0%| F|  |TAMS 0x0000000084c00000, 0x0000000084c00000| Untracked 
|  39|0x0000000084d00000, 0x0000000084d00000, 0x0000000084e00000|  0%| F|  |TAMS 0x0000000084d00000, 0x0000000084d00000| Untracked 
|  40|0x0000000084e00000, 0x0000000084e00000, 0x0000000084f00000|  0%| F|  |TAMS 0x0000000084e00000, 0x0000000084e00000| Untracked 
|  41|0x0000000084f00000, 0x0000000084f00000, 0x0000000085000000|  0%| F|  |TAMS 0x0000000084f00000, 0x0000000084f00000| Untracked 
|  42|0x0000000085000000, 0x0000000085000000, 0x0000000085100000|  0%| F|  |TAMS 0x0000000085000000, 0x0000000085000000| Untracked 
|  43|0x0000000085100000, 0x0000000085100000, 0x0000000085200000|  0%| F|  |TAMS 0x0000000085100000, 0x0000000085100000| Untracked 
|  44|0x0000000085200000, 0x0000000085200000, 0x0000000085300000|  0%| F|  |TAMS 0x0000000085200000, 0x0000000085200000| Untracked 
|  45|0x0000000085300000, 0x0000000085300000, 0x0000000085400000|  0%| F|  |TAMS 0x0000000085300000, 0x0000000085300000| Untracked 
|  46|0x0000000085400000, 0x0000000085400000, 0x0000000085500000|  0%| F|  |TAMS 0x0000000085400000, 0x0000000085400000| Untracked 
|  47|0x0000000085500000, 0x0000000085500000, 0x0000000085600000|  0%| F|  |TAMS 0x0000000085500000, 0x0000000085500000| Untracked 
|  48|0x0000000085600000, 0x0000000085600000, 0x0000000085700000|  0%| F|  |TAMS 0x0000000085600000, 0x0000000085600000| Untracked 
|  49|0x0000000085700000, 0x0000000085700000, 0x0000000085800000|  0%| F|  |TAMS 0x0000000085700000, 0x0000000085700000| Untracked 
|  50|0x0000000085800000, 0x0000000085800000, 0x0000000085900000|  0%| F|  |TAMS 0x0000000085800000, 0x0000000085800000| Untracked 
|  51|0x0000000085900000, 0x0000000085900000, 0x0000000085a00000|  0%| F|  |TAMS 0x0000000085900000, 0x0000000085900000| Untracked 
|  52|0x0000000085a00000, 0x0000000085a00000, 0x0000000085b00000|  0%| F|  |TAMS 0x0000000085a00000, 0x0000000085a00000| Untracked 
|  53|0x0000000085b00000, 0x0000000085b00000, 0x0000000085c00000|  0%| F|  |TAMS 0x0000000085b00000, 0x0000000085b00000| Untracked 
|  54|0x0000000085c00000, 0x0000000085c00000, 0x0000000085d00000|  0%| F|  |TAMS 0x0000000085c00000, 0x0000000085c00000| Untracked 
|  55|0x0000000085d00000, 0x0000000085d00000, 0x0000000085e00000|  0%| F|  |TAMS 0x0000000085d00000, 0x0000000085d00000| Untracked 
|  56|0x0000000085e00000, 0x0000000085e00000, 0x0000000085f00000|  0%| F|  |TAMS 0x0000000085e00000, 0x0000000085e00000| Untracked 
|  57|0x0000000085f00000, 0x0000000085f00000, 0x0000000086000000|  0%| F|  |TAMS 0x0000000085f00000, 0x0000000085f00000| Untracked 
|  58|0x0000000086000000, 0x0000000086000000, 0x0000000086100000|  0%| F|  |TAMS 0x0000000086000000, 0x0000000086000000| Untracked 
|  59|0x0000000086100000, 0x0000000086100000, 0x0000000086200000|  0%| F|  |TAMS 0x0000000086100000, 0x0000000086100000| Untracked 
|  60|0x0000000086200000, 0x0000000086200000, 0x0000000086300000|  0%| F|  |TAMS 0x0000000086200000, 0x0000000086200000| Untracked 
|  61|0x0000000086300000, 0x0000000086300000, 0x0000000086400000|  0%| F|  |TAMS 0x0000000086300000, 0x0000000086300000| Untracked 
|  62|0x0000000086400000, 0x0000000086400000, 0x0000000086500000|  0%| F|  |TAMS 0x0000000086400000, 0x0000000086400000| Untracked 
|  63|0x0000000086500000, 0x0000000086500000, 0x0000000086600000|  0%| F|  |TAMS 0x0000000086500000, 0x0000000086500000| Untracked 
|  64|0x0000000086600000, 0x0000000086600000, 0x0000000086700000|  0%| F|  |TAMS 0x0000000086600000, 0x0000000086600000| Untracked 
|  65|0x0000000086700000, 0x0000000086700000, 0x0000000086800000|  0%| F|  |TAMS 0x0000000086700000, 0x0000000086700000| Untracked 
|  66|0x0000000086800000, 0x0000000086800000, 0x0000000086900000|  0%| F|  |TAMS 0x0000000086800000, 0x0000000086800000| Untracked 
|  67|0x0000000086900000, 0x0000000086900000, 0x0000000086a00000|  0%| F|  |TAMS 0x0000000086900000, 0x0000000086900000| Untracked 
|  68|0x0000000086a00000, 0x0000000086a00000, 0x0000000086b00000|  0%| F|  |TAMS 0x0000000086a00000, 0x0000000086a00000| Untracked 
|  69|0x0000000086b00000, 0x0000000086b00000, 0x0000000086c00000|  0%| F|  |TAMS 0x0000000086b00000, 0x0000000086b00000| Untracked 
|  70|0x0000000086c00000, 0x0000000086c00000, 0x0000000086d00000|  0%| F|  |TAMS 0x0000000086c00000, 0x0000000086c00000| Untracked 
|  71|0x0000000086d00000, 0x0000000086d00000, 0x0000000086e00000|  0%| F|  |TAMS 0x0000000086d00000, 0x0000000086d00000| Untracked 
|  72|0x0000000086e00000, 0x0000000086e00000, 0x0000000086f00000|  0%| F|  |TAMS 0x0000000086e00000, 0x0000000086e00000| Untracked 
|  73|0x0000000086f00000, 0x0000000086f00000, 0x0000000087000000|  0%| F|  |TAMS 0x0000000086f00000, 0x0000000086f00000| Untracked 
|  74|0x0000000087000000, 0x0000000087000000, 0x0000000087100000|  0%| F|  |TAMS 0x0000000087000000, 0x0000000087000000| Untracked 
|  75|0x0000000087100000, 0x0000000087100000, 0x0000000087200000|  0%| F|  |TAMS 0x0000000087100000, 0x0000000087100000| Untracked 
|  76|0x0000000087200000, 0x0000000087200000, 0x0000000087300000|  0%| F|  |TAMS 0x0000000087200000, 0x0000000087200000| Untracked 
|  77|0x0000000087300000, 0x0000000087300000, 0x0000000087400000|  0%| F|  |TAMS 0x0000000087300000, 0x0000000087300000| Untracked 
|  78|0x0000000087400000, 0x0000000087400000, 0x0000000087500000|  0%| F|  |TAMS 0x0000000087400000, 0x0000000087400000| Untracked 
|  79|0x0000000087500000, 0x0000000087500000, 0x0000000087600000|  0%| F|  |TAMS 0x0000000087500000, 0x0000000087500000| Untracked 
|  80|0x0000000087600000, 0x0000000087600000, 0x0000000087700000|  0%| F|  |TAMS 0x0000000087600000, 0x0000000087600000| Untracked 
|  81|0x0000000087700000, 0x0000000087700000, 0x0000000087800000|  0%| F|  |TAMS 0x0000000087700000, 0x0000000087700000| Untracked 
|  82|0x0000000087800000, 0x0000000087800000, 0x0000000087900000|  0%| F|  |TAMS 0x0000000087800000, 0x0000000087800000| Untracked 
|  83|0x0000000087900000, 0x00000000879e4e80, 0x0000000087a00000| 89%| S|CS|TAMS 0x0000000087900000, 0x0000000087900000| Complete 
|  84|0x0000000087a00000, 0x0000000087b00000, 0x0000000087b00000|100%| S|CS|TAMS 0x0000000087a00000, 0x0000000087a00000| Complete 
|  85|0x0000000087b00000, 0x0000000087c00000, 0x0000000087c00000|100%| S|CS|TAMS 0x0000000087b00000, 0x0000000087b00000| Complete 
|  86|0x0000000087c00000, 0x0000000087d00000, 0x0000000087d00000|100%| S|CS|TAMS 0x0000000087c00000, 0x0000000087c00000| Complete 
|  87|0x0000000087d00000, 0x0000000087e00000, 0x0000000087e00000|100%| S|CS|TAMS 0x0000000087d00000, 0x0000000087d00000| Complete 
|  88|0x0000000087e00000, 0x0000000087f00000, 0x0000000087f00000|100%| S|CS|TAMS 0x0000000087e00000, 0x0000000087e00000| Complete 
|  89|0x0000000087f00000, 0x0000000087f00000, 0x0000000088000000|  0%| F|  |TAMS 0x0000000087f00000, 0x0000000087f00000| Untracked 
|  90|0x0000000088000000, 0x0000000088000000, 0x0000000088100000|  0%| F|  |TAMS 0x0000000088000000, 0x0000000088000000| Untracked 
|  91|0x0000000088100000, 0x0000000088100000, 0x0000000088200000|  0%| F|  |TAMS 0x0000000088100000, 0x0000000088100000| Untracked 
|  92|0x0000000088200000, 0x0000000088200000, 0x0000000088300000|  0%| F|  |TAMS 0x0000000088200000, 0x0000000088200000| Untracked 
|  93|0x0000000088300000, 0x0000000088300000, 0x0000000088400000|  0%| F|  |TAMS 0x0000000088300000, 0x0000000088300000| Untracked 
|  94|0x0000000088400000, 0x0000000088400000, 0x0000000088500000|  0%| F|  |TAMS 0x0000000088400000, 0x0000000088400000| Untracked 
|  95|0x0000000088500000, 0x0000000088500000, 0x0000000088600000|  0%| F|  |TAMS 0x0000000088500000, 0x0000000088500000| Untracked 
|  96|0x0000000088600000, 0x0000000088600000, 0x0000000088700000|  0%| F|  |TAMS 0x0000000088600000, 0x0000000088600000| Untracked 
|  97|0x0000000088700000, 0x0000000088700000, 0x0000000088800000|  0%| F|  |TAMS 0x0000000088700000, 0x0000000088700000| Untracked 
|  98|0x0000000088800000, 0x0000000088800000, 0x0000000088900000|  0%| F|  |TAMS 0x0000000088800000, 0x0000000088800000| Untracked 
|  99|0x0000000088900000, 0x0000000088900000, 0x0000000088a00000|  0%| F|  |TAMS 0x0000000088900000, 0x0000000088900000| Untracked 
| 100|0x0000000088a00000, 0x0000000088a00000, 0x0000000088b00000|  0%| F|  |TAMS 0x0000000088a00000, 0x0000000088a00000| Untracked 
| 101|0x0000000088b00000, 0x0000000088c00000, 0x0000000088c00000|100%| E|  |TAMS 0x0000000088b00000, 0x0000000088b00000| Complete 
| 102|0x0000000088c00000, 0x0000000088d00000, 0x0000000088d00000|100%| E|CS|TAMS 0x0000000088c00000, 0x0000000088c00000| Complete 
| 103|0x0000000088d00000, 0x0000000088e00000, 0x0000000088e00000|100%| E|CS|TAMS 0x0000000088d00000, 0x0000000088d00000| Complete 
| 104|0x0000000088e00000, 0x0000000088f00000, 0x0000000088f00000|100%| E|CS|TAMS 0x0000000088e00000, 0x0000000088e00000| Complete 
| 105|0x0000000088f00000, 0x0000000089000000, 0x0000000089000000|100%| E|CS|TAMS 0x0000000088f00000, 0x0000000088f00000| Complete 
| 106|0x0000000089000000, 0x0000000089100000, 0x0000000089100000|100%| E|CS|TAMS 0x0000000089000000, 0x0000000089000000| Complete 
| 107|0x0000000089100000, 0x0000000089200000, 0x0000000089200000|100%| E|CS|TAMS 0x0000000089100000, 0x0000000089100000| Complete 
| 108|0x0000000089200000, 0x0000000089300000, 0x0000000089300000|100%| E|CS|TAMS 0x0000000089200000, 0x0000000089200000| Complete 
| 109|0x0000000089300000, 0x0000000089400000, 0x0000000089400000|100%| E|CS|TAMS 0x0000000089300000, 0x0000000089300000| Complete 
| 110|0x0000000089400000, 0x0000000089500000, 0x0000000089500000|100%| E|CS|TAMS 0x0000000089400000, 0x0000000089400000| Complete 
| 111|0x0000000089500000, 0x0000000089600000, 0x0000000089600000|100%| E|CS|TAMS 0x0000000089500000, 0x0000000089500000| Complete 
| 112|0x0000000089600000, 0x0000000089700000, 0x0000000089700000|100%| E|CS|TAMS 0x0000000089600000, 0x0000000089600000| Complete 
| 113|0x0000000089700000, 0x0000000089800000, 0x0000000089800000|100%| E|CS|TAMS 0x0000000089700000, 0x0000000089700000| Complete 
| 114|0x0000000089800000, 0x0000000089900000, 0x0000000089900000|100%| E|CS|TAMS 0x0000000089800000, 0x0000000089800000| Complete 
| 115|0x0000000089900000, 0x0000000089a00000, 0x0000000089a00000|100%| E|CS|TAMS 0x0000000089900000, 0x0000000089900000| Complete 
| 116|0x0000000089a00000, 0x0000000089b00000, 0x0000000089b00000|100%| E|CS|TAMS 0x0000000089a00000, 0x0000000089a00000| Complete 
| 117|0x0000000089b00000, 0x0000000089c00000, 0x0000000089c00000|100%| E|CS|TAMS 0x0000000089b00000, 0x0000000089b00000| Complete 
| 118|0x0000000089c00000, 0x0000000089d00000, 0x0000000089d00000|100%| E|CS|TAMS 0x0000000089c00000, 0x0000000089c00000| Complete 
| 119|0x0000000089d00000, 0x0000000089e00000, 0x0000000089e00000|100%| E|CS|TAMS 0x0000000089d00000, 0x0000000089d00000| Complete 
| 120|0x0000000089e00000, 0x0000000089f00000, 0x0000000089f00000|100%| E|CS|TAMS 0x0000000089e00000, 0x0000000089e00000| Complete 
| 121|0x0000000089f00000, 0x000000008a000000, 0x000000008a000000|100%| E|CS|TAMS 0x0000000089f00000, 0x0000000089f00000| Complete 
| 122|0x000000008a000000, 0x000000008a100000, 0x000000008a100000|100%| E|CS|TAMS 0x000000008a000000, 0x000000008a000000| Complete 
| 123|0x000000008a100000, 0x000000008a200000, 0x000000008a200000|100%| E|CS|TAMS 0x000000008a100000, 0x000000008a100000| Complete 
| 124|0x000000008a200000, 0x000000008a300000, 0x000000008a300000|100%| E|CS|TAMS 0x000000008a200000, 0x000000008a200000| Complete 
| 125|0x000000008a300000, 0x000000008a400000, 0x000000008a400000|100%| E|CS|TAMS 0x000000008a300000, 0x000000008a300000| Complete 

Card table byte_map: [0x00000233e0b70000,0x00000233e0f60000] _byte_map_base: 0x00000233e075d000

Marking Bits (Prev, Next): (CMBitMap*) 0x00000233cd978470, (CMBitMap*) 0x00000233cd978438
 Prev Bits: [0x00000233e32c0000, 0x00000233e5228000)
 Next Bits: [0x00000233e1350000, 0x00000233e32b8000)

Polling page: 0x00000233cb900000

Metaspace:

Usage:
  Non-class:     25.13 MB capacity,    24.82 MB ( 99%) used,   272.03 KB (  1%) free+waste,    45.69 KB ( <1%) overhead. 
      Class:      3.25 MB capacity,     3.04 MB ( 94%) used,   184.39 KB (  6%) free+waste,    21.94 KB ( <1%) overhead. 
       Both:     28.38 MB capacity,    27.86 MB ( 98%) used,   456.42 KB (  2%) free+waste,    67.63 KB ( <1%) overhead. 

Virtual space:
  Non-class space:       26.00 MB reserved,      25.25 MB ( 97%) committed 
      Class space:        1.00 GB reserved,       3.25 MB ( <1%) committed 
             Both:        1.03 GB reserved,      28.50 MB (  3%) committed 

Chunk freelists:
   Non-Class:  59.00 KB
       Class:  5.00 KB
        Both:  64.00 KB

MaxMetaspaceSize: 17179869184.00 GB
CompressedClassSpaceSize: 1.00 GB

CodeHeap 'non-profiled nmethods': size=120000Kb used=676Kb max_used=676Kb free=119323Kb
 bounds [0x00000233d8f10000, 0x00000233d9180000, 0x00000233e0440000]
CodeHeap 'profiled nmethods': size=120000Kb used=3834Kb max_used=3834Kb free=116165Kb
 bounds [0x00000233d19e0000, 0x00000233d1da0000, 0x00000233d8f10000]
CodeHeap 'non-nmethods': size=5760Kb used=1168Kb max_used=1184Kb free=4591Kb
 bounds [0x00000233d1440000, 0x00000233d16b0000, 0x00000233d19e0000]
 total_blobs=2569 nmethods=2058 adapters=422
 compilation: enabled
              stopped_count=0, restarted_count=0
 full_count=0

Compilation events (20 events):
Event: 3.758 Thread 0x00000233e8600800 2048       3       java.lang.invoke.ConstantCallSite::getTarget (20 bytes)
Event: 3.758 Thread 0x00000233e8600800 nmethod 2048 0x00000233d1d99490 code [0x00000233d1d99660, 0x00000233d1d99868]
Event: 3.758 Thread 0x00000233e8600800 2046       1       java.lang.invoke.MethodHandleNatives::isPullModeBSM (2 bytes)
Event: 3.758 Thread 0x00000233e8600800 nmethod 2046 0x00000233d8fb7990 code [0x00000233d8fb7b40, 0x00000233d8fb7bd8]
Event: 3.759 Thread 0x00000233e8600800 2049       3       java.nio.MappedByteBuffer::rewind (5 bytes)
Event: 3.759 Thread 0x00000233e8600800 nmethod 2049 0x00000233d1d99990 code [0x00000233d1d99b60, 0x00000233d1d99d98]
Event: 3.759 Thread 0x00000233e8600800 2050       3       java.nio.MappedByteBuffer::rewind (7 bytes)
Event: 3.760 Thread 0x00000233e8600800 nmethod 2050 0x00000233d1d99e90 code [0x00000233d1d9a040, 0x00000233d1d9a218]
Event: 3.760 Thread 0x00000233e8600800 2051       3       java.nio.ByteBuffer::rewind (7 bytes)
Event: 3.760 Thread 0x00000233e8600800 nmethod 2051 0x00000233d1d9a310 code [0x00000233d1d9a4c0, 0x00000233d1d9a638]
Event: 3.760 Thread 0x00000233e8600800 2052       3       java.nio.Buffer::rewind (12 bytes)
Event: 3.760 Thread 0x00000233e8600800 nmethod 2052 0x00000233d1d9a710 code [0x00000233d1d9a8c0, 0x00000233d1d9a9d8]
Event: 3.760 Thread 0x00000233e8600800 2053       3       jdk.internal.jimage.BasicImageReader::getString (48 bytes)
Event: 3.760 Thread 0x00000233e8600800 nmethod 2053 0x00000233d1d9aa90 code [0x00000233d1d9ad00, 0x00000233d1d9b718]
Event: 3.761 Thread 0x00000233e8600800 2054       1       jdk.internal.reflect.NativeConstructorAccessorImpl::setParent (6 bytes)
Event: 3.761 Thread 0x00000233e8600800 nmethod 2054 0x00000233d8fb7c90 code [0x00000233d8fb7e40, 0x00000233d8fb7f38]
Event: 3.768 Thread 0x00000233e8600800 2055       1       com.sun.org.apache.xerces.internal.utils.XMLSecurityManager$Limit::systemProperty (5 bytes)
Event: 3.768 Thread 0x00000233e85fe800 2056       4       java.util.Arrays::copyOf (40 bytes)
Event: 3.768 Thread 0x00000233e8600800 nmethod 2055 0x00000233d8fb7f90 code [0x00000233d8fb8140, 0x00000233d8fb81f8]
Event: 3.774 Thread 0x00000233e85fe800 nmethod 2056 0x00000233d8fb8290 code [0x00000233d8fb8440, 0x00000233d8fb8878]

GC Heap History (4 events):
Event: 1.279 GC heap before
{Heap before GC invocations=0 (full 0):
 garbage-first heap   total 129024K, used 27648K [0x0000000082600000, 0x0000000100000000)
  region size 1024K, 24 young (24576K), 0 survivors (0K)
 Metaspace       used 12348K, capacity 12504K, committed 12800K, reserved 1060864K
  class space    used 1163K, capacity 1207K, committed 1280K, reserved 1048576K
}
Event: 1.288 GC heap after
{Heap after GC invocations=1 (full 0):
 garbage-first heap   total 129024K, used 5738K [0x0000000082600000, 0x0000000100000000)
  region size 1024K, 3 young (3072K), 3 survivors (3072K)
 Metaspace       used 12348K, capacity 12504K, committed 12800K, reserved 1060864K
  class space    used 1163K, capacity 1207K, committed 1280K, reserved 1048576K
}
Event: 2.563 GC heap before
{Heap before GC invocations=1 (full 0):
 garbage-first heap   total 129024K, used 39530K [0x0000000082600000, 0x0000000100000000)
  region size 1024K, 37 young (37888K), 3 survivors (3072K)
 Metaspace       used 20899K, capacity 21158K, committed 21248K, reserved 1069056K
  class space    used 2222K, capacity 2293K, committed 2304K, reserved 1048576K
}
Event: 2.594 GC heap after
{Heap after GC invocations=2 (full 0):
 garbage-first heap   total 129024K, used 9107K [0x0000000082600000, 0x0000000100000000)
  region size 1024K, 6 young (6144K), 6 survivors (6144K)
 Metaspace       used 20899K, capacity 21158K, committed 21248K, reserved 1069056K
  class space    used 2222K, capacity 2293K, committed 2304K, reserved 1048576K
}

Deoptimization events (20 events):
Event: 3.297 Thread 0x00000233cd93a000 Uncommon trap: trap_request=0xffffff6e fr.pc=0x00000233d8f9019c relative=0x000000000000125c
Event: 3.297 Thread 0x00000233cd93a000 Uncommon trap: reason=speculate_class_check action=maybe_recompile pc=0x00000233d8f9019c method=java.util.zip.InflaterInputStream.read([BII)I @ 100 c2
Event: 3.297 Thread 0x00000233cd93a000 DEOPT PACKING pc=0x00000233d8f9019c sp=0x000000ba87ffe3a0
Event: 3.297 Thread 0x00000233cd93a000 DEOPT UNPACKING pc=0x00000233d146662f sp=0x000000ba87ffe400 mode 2
Event: 3.420 Thread 0x00000233cd93a000 Uncommon trap: trap_request=0xffffff4d fr.pc=0x00000233d8f94868 relative=0x00000000000005a8
Event: 3.420 Thread 0x00000233cd93a000 Uncommon trap: reason=unstable_if action=reinterpret pc=0x00000233d8f94868 method=java.lang.Integer.getChars(II[B)I @ 25 c2
Event: 3.420 Thread 0x00000233cd93a000 DEOPT PACKING pc=0x00000233d8f94868 sp=0x000000ba87ffe430
Event: 3.420 Thread 0x00000233cd93a000 DEOPT UNPACKING pc=0x00000233d146662f sp=0x000000ba87ffe320 mode 2
Event: 3.474 Thread 0x00000233cd93a000 Uncommon trap: trap_request=0xffffffcc fr.pc=0x00000233d8fad1f4 relative=0x00000000000001b4
Event: 3.474 Thread 0x00000233cd93a000 Uncommon trap: reason=intrinsic_or_type_checked_inlining action=make_not_entrant pc=0x00000233d8fad1f4 method=java.util.Arrays.copyOf([Ljava/lang/Object;ILjava/lang/Class;)[Ljava/lang/Object; @ 35 c2
Event: 3.474 Thread 0x00000233cd93a000 DEOPT PACKING pc=0x00000233d8fad1f4 sp=0x000000ba87ffd6f0
Event: 3.474 Thread 0x00000233cd93a000 DEOPT UNPACKING pc=0x00000233d146662f sp=0x000000ba87ffd698 mode 2
Event: 3.586 Thread 0x00000233cd93a000 Uncommon trap: trap_request=0xffffff4d fr.pc=0x00000233d8f978cc relative=0x000000000000058c
Event: 3.586 Thread 0x00000233cd93a000 Uncommon trap: reason=unstable_if action=reinterpret pc=0x00000233d8f978cc method=java.lang.Integer.getChars(II[B)I @ 25 c2
Event: 3.586 Thread 0x00000233cd93a000 DEOPT PACKING pc=0x00000233d8f978cc sp=0x000000ba87ffd1e0
Event: 3.586 Thread 0x00000233cd93a000 DEOPT UNPACKING pc=0x00000233d146662f sp=0x000000ba87ffd138 mode 2
Event: 3.648 Thread 0x00000233cd93a000 Uncommon trap: trap_request=0xffffff4d fr.pc=0x00000233d8f7fd28 relative=0x0000000000000188
Event: 3.648 Thread 0x00000233cd93a000 Uncommon trap: reason=unstable_if action=reinterpret pc=0x00000233d8f7fd28 method=java.lang.String.startsWith(Ljava/lang/String;I)Z @ 1 c2
Event: 3.648 Thread 0x00000233cd93a000 DEOPT PACKING pc=0x00000233d8f7fd28 sp=0x000000ba87ffdcb0
Event: 3.648 Thread 0x00000233cd93a000 DEOPT UNPACKING pc=0x00000233d146662f sp=0x000000ba87ffdc20 mode 2

Classes redefined (0 events):
No events

Internal exceptions (20 events):
Event: 2.201 Thread 0x00000233cd93a000 Exception <a 'java/lang/NoSuchMethodError'{0x0000000088c9e930}: 'int java.lang.invoke.DirectMethodHandle$Holder.invokeSpecialIFC(java.lang.Object, java.lang.Object, int)'> (0x0000000088c9e930) thrown at [./src/hotspot/share/interpreter/linkResolver.cpp, line 773]
Event: 2.484 Thread 0x00000233cd93a000 Exception <a 'java/lang/NoSuchMethodError'{0x00000000881b4a90}: 'java.lang.Object java.lang.invoke.DirectMethodHandle$Holder.invokeStaticInit(java.lang.Object, int)'> (0x00000000881b4a90) thrown at [./src/hotspot/share/interpreter/linkResolver.cpp, line 773]
Event: 2.545 Thread 0x00000233cd93a000 Exception <a 'java/lang/NoSuchMethodError'{0x0000000087f70ae0}: 'long java.lang.invoke.DirectMethodHandle$Holder.invokeStatic(java.lang.Object)'> (0x0000000087f70ae0) thrown at [./src/hotspot/share/interpreter/linkResolver.cpp, line 773]
Event: 2.546 Thread 0x00000233cd93a000 Exception <a 'java/lang/NoSuchMethodError'{0x0000000087f73938}: 'long java.lang.invoke.DirectMethodHandle$Holder.invokeStaticInit(java.lang.Object)'> (0x0000000087f73938) thrown at [./src/hotspot/share/interpreter/linkResolver.cpp, line 773]
Event: 2.804 Thread 0x00000233cd93a000 Exception <a 'java/lang/NoSuchMethodError'{0x000000008a041580}: 'int java.lang.invoke.DirectMethodHandle$Holder.invokeStaticInit(java.lang.Object, java.lang.Object, java.lang.Object)'> (0x000000008a041580) thrown at [./src/hotspot/share/interpreter/linkResolver.cpp, line 773]
Event: 2.821 Thread 0x00000233cd93a000 Exception <a 'java/lang/NoSuchMethodError'{0x000000008a06cd60}: 'int java.lang.invoke.DirectMethodHandle$Holder.invokeStaticInit(java.lang.Object, java.lang.Object)'> (0x000000008a06cd60) thrown at [./src/hotspot/share/interpreter/linkResolver.cpp, line 773]
Event: 2.957 Thread 0x00000233cd93a000 Exception <a 'java/lang/NoSuchMethodError'{0x0000000089e7ef28}: 'void java.lang.invoke.DirectMethodHandle$Holder.invokeSpecial(java.lang.Object, java.lang.Object)'> (0x0000000089e7ef28) thrown at [./src/hotspot/share/interpreter/linkResolver.cpp, line 773]
Event: 3.337 Thread 0x00000233cd93a000 Exception <a 'java/lang/NoSuchMethodError'{0x00000000896aeb60}: 'java.lang.Object java.lang.invoke.DirectMethodHandle$Holder.invokeStatic(java.lang.Object, java.lang.Object, java.lang.Object, java.lang.Object, java.lang.Object, java.lang.Object, java.lang.Object, java.lang.Object, java.lang.Object, java.lang.Object, java.lang.Object, java.lang.Object, java.lang.Object, java.lang.Object, java.lang.Object)'> (0x00000000896aeb60) thrown at [./src/hotspot/share/interpreter/linkResolver.cpp, line 773]
Event: 3.340 Thread 0x00000233cd93a000 Exception <a 'java/lang/NoSuchMethodError'{0x00000000896bcb68}: 'java.lang.Object java.lang.invoke.DirectMethodHandle$Holder.invokeStatic(java.lang.Object, java.lang.Object, java.lang.Object, java.lang.Object, java.lang.Object, java.lang.Object, java.lang.Object, java.lang.Object, java.lang.Object, java.lang.Object, java.lang.Object, java.lang.Object, java.lang.Object, java.lang.Object, java.lang.Object, java.lang.Object)'> (0x00000000896bcb68) thrown at [./src/hotspot/share/interpreter/linkResolver.cpp, l
Event: 3.341 Thread 0x00000233cd93a000 Exception <a 'java/lang/NoSuchMethodError'{0x00000000896caa80}: 'java.lang.Object java.lang.invoke.DirectMethodHandle$Holder.invokeSpecial(java.lang.Object, java.lang.Object, int, int, java.lang.Object, java.lang.Object, java.lang.Object)'> (0x00000000896caa80) thrown at [./src/hotspot/share/interpreter/linkResolver.cpp, line 773]
Event: 3.342 Thread 0x00000233cd93a000 Exception <a 'java/lang/NoSuchMethodError'{0x00000000896ce2b8}: 'java.lang.Object java.lang.invoke.DelegatingMethodHandle$Holder.reinvoke_L(java.lang.Object, int, int, java.lang.Object, java.lang.Object, java.lang.Object)'> (0x00000000896ce2b8) thrown at [./src/hotspot/share/interpreter/linkResolver.cpp, line 773]
Event: 3.343 Thread 0x00000233cd93a000 Exception <a 'java/lang/NoSuchMethodError'{0x00000000896d2640}: 'java.lang.Object java.lang.invoke.DirectMethodHandle$Holder.invokeStatic(java.lang.Object, java.lang.Object, java.lang.Object, java.lang.Object, int)'> (0x00000000896d2640) thrown at [./src/hotspot/share/interpreter/linkResolver.cpp, line 773]
Event: 3.419 Thread 0x00000233cd93a000 Exception <a 'sun/nio/fs/WindowsException'{0x00000000894123b0}> (0x00000000894123b0) thrown at [./src/hotspot/share/prims/jni.cpp, line 615]
Event: 3.419 Thread 0x00000233cd93a000 Exception <a 'sun/nio/fs/WindowsException'{0x0000000089412c28}> (0x0000000089412c28) thrown at [./src/hotspot/share/prims/jni.cpp, line 615]
Event: 3.419 Thread 0x00000233cd93a000 Exception <a 'sun/nio/fs/WindowsException'{0x00000000894134b0}> (0x00000000894134b0) thrown at [./src/hotspot/share/prims/jni.cpp, line 615]
Event: 3.420 Thread 0x00000233cd93a000 Exception <a 'sun/nio/fs/WindowsException'{0x0000000089413ea8}> (0x0000000089413ea8) thrown at [./src/hotspot/share/prims/jni.cpp, line 615]
Event: 3.420 Thread 0x00000233cd93a000 Exception <a 'sun/nio/fs/WindowsException'{0x00000000894147b0}> (0x00000000894147b0) thrown at [./src/hotspot/share/prims/jni.cpp, line 615]
Event: 3.420 Thread 0x00000233cd93a000 Exception <a 'sun/nio/fs/WindowsException'{0x00000000894150e8}> (0x00000000894150e8) thrown at [./src/hotspot/share/prims/jni.cpp, line 615]
Event: 3.423 Thread 0x00000233cd93a000 Exception <a 'java/lang/NoSuchMethodError'{0x000000008941b8f8}: 'void java.lang.invoke.DirectMethodHandle$Holder.invokeStatic(java.lang.Object, java.lang.Object, java.lang.Object, java.lang.Object)'> (0x000000008941b8f8) thrown at [./src/hotspot/share/interpreter/linkResolver.cpp, line 773]
Event: 3.582 Thread 0x00000233cd93a000 Exception <a 'java/lang/NoSuchMethodError'{0x00000000891fc598}: 'void java.lang.invoke.DirectMethodHandle$Holder.invokeStaticInit(java.lang.Object, java.lang.Object)'> (0x00000000891fc598) thrown at [./src/hotspot/share/interpreter/linkResolver.cpp, line 773]

Events (20 events):
Event: 3.776 loading class com/sun/org/apache/xerces/internal/util/FeatureState done
Event: 3.776 loading class com/sun/org/apache/xerces/internal/parsers/AbstractSAXParser$AttributesProxy
Event: 3.777 loading class org/xml/sax/AttributeList
Event: 3.777 loading class org/xml/sax/AttributeList done
Event: 3.777 loading class org/xml/sax/ext/Attributes2
Event: 3.777 loading class org/xml/sax/Attributes
Event: 3.777 loading class org/xml/sax/Attributes done
Event: 3.777 loading class org/xml/sax/ext/Attributes2 done
Event: 3.777 loading class com/sun/org/apache/xerces/internal/parsers/AbstractSAXParser$AttributesProxy done
Event: 3.777 loading class org/jetbrains/kotlin/android/synthetic/codegen/CliAndroidExtensionsExpressionCodegenExtension
Event: 3.777 loading class org/jetbrains/kotlin/android/synthetic/codegen/CliAndroidExtensionsExpressionCodegenExtension done
Event: 3.778 loading class org/jetbrains/kotlin/android/synthetic/codegen/AbstractAndroidExtensionsExpressionCodegenExtension
Event: 3.778 loading class org/jetbrains/kotlin/android/synthetic/codegen/AbstractAndroidExtensionsExpressionCodegenExtension done
Event: 3.780 loading class org/jetbrains/kotlin/android/synthetic/codegen/AbstractAndroidExtensionsExpressionCodegenExtension$Companion
Event: 3.780 loading class org/jetbrains/kotlin/android/synthetic/codegen/AbstractAndroidExtensionsExpressionCodegenExtension$Companion done
Event: 3.781 loading class org/jetbrains/kotlin/android/synthetic/codegen/CliAndroidIrExtension
Event: 3.781 loading class org/jetbrains/kotlin/android/synthetic/codegen/CliAndroidIrExtension done
Event: 3.782 loading class org/jetbrains/kotlin/android/synthetic/codegen/AndroidIrExtension
Event: 3.782 loading class org/jetbrains/kotlin/android/synthetic/codegen/AndroidIrExtension done
Event: 3.784 Loaded shared library C:\Program Files\Android\Android Studio\jre\bin\java.dll


Dynamic libraries:
0x00007ff609f30000 - 0x00007ff609f3a000 	C:\Program Files\Android\Android Studio\jre\bin\java.exe
0x00007ffac1cb0000 - 0x00007ffac1ea5000 	C:\WINDOWS\SYSTEM32\ntdll.dll
0x00007ffac0c60000 - 0x00007ffac0d1e000 	C:\WINDOWS\System32\KERNEL32.DLL
0x00007ffabf630000 - 0x00007ffabf8f9000 	C:\WINDOWS\System32\KERNELBASE.dll
0x00007ffabf3d0000 - 0x00007ffabf4d0000 	C:\WINDOWS\System32\ucrtbase.dll
0x00007ffaac3d0000 - 0x00007ffaac3e7000 	C:\Program Files\Android\Android Studio\jre\bin\VCRUNTIME140.dll
0x00007ffab8a10000 - 0x00007ffab8a29000 	C:\Program Files\Android\Android Studio\jre\bin\jli.dll
0x00007ffac03c0000 - 0x00007ffac0561000 	C:\WINDOWS\System32\USER32.dll
0x00007ffabf950000 - 0x00007ffabf972000 	C:\WINDOWS\System32\win32u.dll
0x00007ffaac680000 - 0x00007ffaac91a000 	C:\WINDOWS\WinSxS\amd64_microsoft.windows.common-controls_6595b64144ccf1df_6.0.19041.1110_none_60b5254171f9507e\COMCTL32.dll
0x00007ffac1a70000 - 0x00007ffac1a9b000 	C:\WINDOWS\System32\GDI32.dll
0x00007ffabfef0000 - 0x00007ffabff8e000 	C:\WINDOWS\System32\msvcrt.dll
0x00007ffabfbf0000 - 0x00007ffabfcfb000 	C:\WINDOWS\System32\gdi32full.dll
0x00007ffabf980000 - 0x00007ffabfa1d000 	C:\WINDOWS\System32\msvcp_win.dll
0x00007ffac0c20000 - 0x00007ffac0c50000 	C:\WINDOWS\System32\IMM32.DLL
0x00007ffa93b10000 - 0x00007ffa93bad000 	C:\Program Files\Android\Android Studio\jre\bin\msvcp140.dll
0x00007ffa51570000 - 0x00007ffa52045000 	C:\Program Files\Android\Android Studio\jre\bin\server\jvm.dll
0x00007ffabffa0000 - 0x00007ffac004c000 	C:\WINDOWS\System32\ADVAPI32.dll
0x00007ffac0050000 - 0x00007ffac00eb000 	C:\WINDOWS\System32\sechost.dll
0x00007ffac0570000 - 0x00007ffac069a000 	C:\WINDOWS\System32\RPCRT4.dll
0x00007ffabff90000 - 0x00007ffabff98000 	C:\WINDOWS\System32\PSAPI.DLL
0x00007ffaa29b0000 - 0x00007ffaa29b9000 	C:\WINDOWS\SYSTEM32\WSOCK32.dll
0x00007ffab2fc0000 - 0x00007ffab2fca000 	C:\WINDOWS\SYSTEM32\VERSION.dll
0x00007ffac06a0000 - 0x00007ffac070b000 	C:\WINDOWS\System32\WS2_32.dll
0x00007ffaabce0000 - 0x00007ffaabd07000 	C:\WINDOWS\SYSTEM32\WINMM.dll
0x00007ffabdca0000 - 0x00007ffabdcb2000 	C:\WINDOWS\SYSTEM32\kernel.appcore.dll
0x00007ffab6c00000 - 0x00007ffab6c11000 	C:\Program Files\Android\Android Studio\jre\bin\verify.dll
0x00007ffabd1c0000 - 0x00007ffabd3a4000 	C:\WINDOWS\SYSTEM32\DBGHELP.DLL
0x00007ffaad6d0000 - 0x00007ffaad6fc000 	C:\WINDOWS\SYSTEM32\dbgcore.DLL
0x00007ffabfa20000 - 0x00007ffabfaa3000 	C:\WINDOWS\System32\bcryptPrimitives.dll
0x00007ffaacf60000 - 0x00007ffaacf89000 	C:\Program Files\Android\Android Studio\jre\bin\java.dll
0x00007ffaba720000 - 0x00007ffaba72b000 	C:\Program Files\Android\Android Studio\jre\bin\jimage.dll
0x00007ffab6be0000 - 0x00007ffab6bf8000 	C:\Program Files\Android\Android Studio\jre\bin\zip.dll
0x00007ffac0d80000 - 0x00007ffac14bf000 	C:\WINDOWS\System32\SHELL32.dll
0x00007ffabd4b0000 - 0x00007ffabdc40000 	C:\WINDOWS\SYSTEM32\windows.storage.dll
0x00007ffac0830000 - 0x00007ffac0b85000 	C:\WINDOWS\System32\combase.dll
0x00007ffabed50000 - 0x00007ffabed7c000 	C:\WINDOWS\SYSTEM32\Wldp.dll
0x00007ffac0220000 - 0x00007ffac02cd000 	C:\WINDOWS\System32\SHCORE.dll
0x00007ffac0770000 - 0x00007ffac07c5000 	C:\WINDOWS\System32\shlwapi.dll
0x00007ffabf310000 - 0x00007ffabf32f000 	C:\WINDOWS\SYSTEM32\profapi.dll
0x00007ffab6b90000 - 0x00007ffab6baa000 	C:\Program Files\Android\Android Studio\jre\bin\net.dll
0x00007ffabc650000 - 0x00007ffabc758000 	C:\WINDOWS\SYSTEM32\WINHTTP.dll
0x00007ffabeab0000 - 0x00007ffabeb1a000 	C:\WINDOWS\system32\mswsock.dll
0x00007ffab46e0000 - 0x00007ffab46f4000 	C:\Program Files\Android\Android Studio\jre\bin\nio.dll

dbghelp: loaded successfully - version: 4.0.5 - missing functions: none
symbol engine: initialized successfully - sym options: 0x614 - pdb path: .;C:\Program Files\Android\Android Studio\jre\bin;C:\WINDOWS\SYSTEM32;C:\WINDOWS\WinSxS\amd64_microsoft.windows.common-controls_6595b64144ccf1df_6.0.19041.1110_none_60b5254171f9507e;C:\Program Files\Android\Android Studio\jre\bin\server

VM Arguments:
java_command: org.jetbrains.kotlin.cli.jvm.K2JVMCompiler @C:\Users\PaulF\AndroidStudioProjects\CS991\app\build\20220328_13052837281543181527.compiler.options
java_class_path (initial): C:\Users\PaulF\.gradle\caches\modules-2\files-2.1\org.jetbrains.kotlin\kotlin-compiler-embeddable\1.6.10\88f2073f4020cdb83132cfe940ceb9a60aba54ea\kotlin-compiler-embeddable-1.6.10.jar;C:\Users\PaulF\.gradle\caches\modules-2\files-2.1\org.jetbrains.kotlin\kotlin-reflect\1.6.10\1cbe9c92c12a94eea200d23c2bbaedaf3daf5132\kotlin-reflect-1.6.10.jar;C:\Users\PaulF\.gradle\caches\modules-2\files-2.1\org.jetbrains.kotlin\kotlin-stdlib\1.6.10\b8af3fe6f1ca88526914929add63cf5e7c5049af\kotlin-stdlib-1.6.10.jar;C:\Users\PaulF\.gradle\caches\modules-2\files-2.1\org.jetbrains.kotlin\kotlin-script-runtime\1.6.10\d0a7ff2e2500ef497ed0214ae40ad3c8387a6164\kotlin-script-runtime-1.6.10.jar;C:\Users\PaulF\.gradle\caches\modules-2\files-2.1\org.jetbrains.kotlin\kotlin-daemon-embeddable\1.6.10\a56d79bcbea411fa6058e4ecffc2de73e742bd2a\kotlin-daemon-embeddable-1.6.10.jar;C:\Users\PaulF\.gradle\caches\modules-2\files-2.1\org.jetbrains.intellij.deps\trove4j\1.0.20181211\216c2e14b070f334479d800987affe4054cd563f\trove4j-1.0.20181211.jar;C:\Users\PaulF\.gradle\caches\modules-2\files-2.1\net.java.dev.jna\jna\5.6.0\330f2244e9030119ab3030fc3fededc86713d9cc\jna-5.6.0.jar;C:\Users\PaulF\.gradle\caches\modules-2\files-2.1\org.jetbrains\annotations\13.0\919f0dfe192fb4e063e7dacadee7f8bb9a2672a9\annotations-13.0.jar;C:\Users\PaulF\.gradle\caches\modules-2\files-2.1\org.jetbrains.kotlin\kotlin-stdlib-common\1.6.10\c118700e3a33c8a0d9adc920e9dec0831171925\kotlin-stdlib-common-1.6.10.jar
Launcher Type: SUN_STANDARD

[Global flags]
     intx CICompilerCount                          = 4                                         {product} {ergonomic}
     uint ConcGCThreads                            = 2                                         {product} {ergonomic}
     uint G1ConcRefinementThreads                  = 8                                         {product} {ergonomic}
   size_t G1HeapRegionSize                         = 1048576                                   {product} {ergonomic}
    uintx GCDrainStackTargetSize                   = 64                                        {product} {ergonomic}
   size_t InitialHeapSize                          = 132120576                                 {product} {ergonomic}
   size_t MarkStackSize                            = 4194304                                   {product} {ergonomic}
   size_t MaxHeapSize                              = 2107637760                                {product} {ergonomic}
   size_t MaxNewSize                               = 1264582656                                {product} {ergonomic}
   size_t MinHeapDeltaBytes                        = 1048576                                   {product} {ergonomic}
    uintx NonNMethodCodeHeapSize                   = 5836300                                {pd product} {ergonomic}
    uintx NonProfiledCodeHeapSize                  = 122910970                              {pd product} {ergonomic}
    uintx ProfiledCodeHeapSize                     = 122910970                              {pd product} {ergonomic}
    uintx ReservedCodeCacheSize                    = 251658240                              {pd product} {ergonomic}
     bool SegmentedCodeCache                       = true                                      {product} {ergonomic}
     bool UseCompressedClassPointers               = true                                 {lp64_product} {ergonomic}
     bool UseCompressedOops                        = true                                 {lp64_product} {ergonomic}
     bool UseG1GC                                  = true                                      {product} {ergonomic}
     bool UseLargePagesIndividualAllocation        = false                                  {pd product} {ergonomic}

Logging:
Log output configuration:
 #0: stdout all=warning uptime,level,tags
 #1: stderr all=off uptime,level,tags

Environment Variables:
PATH=C:\WINDOWS\system32;C:\WINDOWS;C:\WINDOWS\System32\Wbem;C:\WINDOWS\System32\WindowsPowerShell\v1.0\;C:\WINDOWS\System32\OpenSSH\;C:\Program Files (x86)\Intel\Intel(R) Management Engine Components\DAL;C:\Program Files\Intel\Intel(R) Management Engine Components\DAL;C:\Program Files\Git\cmd;C:\Program Files\Intel\WiFi\bin\;C:\Program Files\Common Files\Intel\WirelessCommon\;C:\Users\PaulF\AppData\Local\Programs\Python\Python39\Scripts\;C:\Users\PaulF\AppData\Local\Programs\Python\Python39\;C:\Users\PaulF\AppData\Local\Microsoft\WindowsApps;;C:\Users\PaulF\AppData\Local\Programs\Microsoft VS Code\bin
USERNAME=PaulF
OS=Windows_NT
PROCESSOR_IDENTIFIER=Intel64 Family 6 Model 142 Stepping 10, GenuineIntel



---------------  S Y S T E M  ---------------

OS: Windows 10 , 64 bit Build 19041 (10.0.19041.1202)
OS uptime: 7 days 22:24 hours

CPU:total 8 (initial active 8) (4 cores per cpu, 2 threads per core) family 6 model 142 stepping 10 microcode 0xb4, cmov, cx8, fxsr, mmx, sse, sse2, sse3, ssse3, sse4.1, sse4.2, popcnt, avx, avx2, aes, clmul, erms, 3dnowpref, lzcnt, ht, tsc, tscinvbit, bmi1, bmi2, adx, fma

Memory: 4k page, system-wide physical 8034M (399M free)
TotalPageFile size 18207M (AvailPageFile size 3M)
current process WorkingSet (physical memory assigned to process): 152M, peak: 152M
current process commit charge ("private bytes"): 267M, peak: 267M

vm_info: OpenJDK 64-Bit Server VM (11.0.11+9-b60-7590822) for windows-amd64 JRE (11.0.11+9-b60-7590822), built on Jul 29 2021 21:43:44 by "builder" with MS VC++ 14.0 (VS2015)

END.
