#
# There is insufficient memory for the Java Runtime Environment to continue.
# Native memory allocation (mmap) failed to map 132120576 bytes for Failed to commit area from 0x0000000082600000 to 0x000000008a400000 of length 132120576.
# Possible reasons:
#   The system is out of physical RAM or swap space
#   The process is running with CompressedOops enabled, and the Java Heap may be blocking the growth of the native heap
# Possible solutions:
#   Reduce memory load on the system
#   Increase physical memory or swap space
#   Check if swap backing store is full
#   Decrease Java heap size (-Xmx/-Xms)
#   Decrease number of Java threads
#   Decrease Java thread stack sizes (-Xss)
#   Set larger code cache with -XX:ReservedCodeCacheSize=
# This output file may be truncated or incomplete.
#
#  Out of Memory Error (./src/hotspot/os/windows/os_windows.cpp:3301), pid=37924, tid=24220
#
# JRE version:  (11.0.11+9) (build )
# Java VM: OpenJDK 64-Bit Server VM (11.0.11+9-b60-7590822, mixed mode, sharing, tiered, compressed oops, g1 gc, windows-amd64)
# No core dump will be written. Minidumps are not enabled by default on client versions of Windows
#

---------------  S U M M A R Y ------------

Command Line: org.jetbrains.kotlin.cli.jvm.K2JVMCompiler @C:\Users\PaulF\AndroidStudioProjects\CS991\app\build\20220328_2366264247986027552.compiler.options

Host: Intel(R) Core(TM) i5-8250U CPU @ 1.60GHz, 8 cores, 7G,  Windows 10 , 64 bit Build 19041 (10.0.19041.1202)
Time: Mon Mar 28 20:58:46 2022 GMT Summer Time elapsed time: 0.020330 seconds (0d 0h 0m 0s)

---------------  T H R E A D  ---------------

Current thread (0x000001f4a830a000):  JavaThread "Unknown thread" [_thread_in_vm, id=24220, stack(0x00000064dd500000,0x00000064dd600000)]

Stack: [0x00000064dd500000,0x00000064dd600000]
Native frames: (J=compiled Java code, j=interpreted, Vv=VM code, C=native code)
V  [jvm.dll+0x5f214a]
V  [jvm.dll+0x726fb5]
V  [jvm.dll+0x7285cd]
V  [jvm.dll+0x728c83]
V  [jvm.dll+0x243278]
V  [jvm.dll+0x5ef544]
V  [jvm.dll+0x5e4495]
V  [jvm.dll+0x2fec5b]
V  [jvm.dll+0x2febca]
V  [jvm.dll+0x2feaa2]
V  [jvm.dll+0x303986]
V  [jvm.dll+0x34c3a3]
V  [jvm.dll+0x34caa6]
V  [jvm.dll+0x34c4a3]
V  [jvm.dll+0x2d9688]
V  [jvm.dll+0x2da837]
V  [jvm.dll+0x705ba7]
V  [jvm.dll+0x70739c]
V  [jvm.dll+0x3598f9]
V  [jvm.dll+0x6e931e]
V  [jvm.dll+0x3c1c43]
V  [jvm.dll+0x3c3e81]
C  [jli.dll+0x5373]
C  [ucrtbase.dll+0x21bb2]
C  [KERNEL32.DLL+0x17034]
C  [ntdll.dll+0x52651]


---------------  P R O C E S S  ---------------

Threads class SMR info:
_java_thread_list=0x000001f4a8211610, length=0, elements={
}

Java Threads: ( => current thread )

Other Threads:
  0x000001f4a8322000 GCTaskThread "GC Thread#0" [stack: 0x00000064dd600000,0x00000064dd700000] [id=12712]
  0x000001f4a8353800 ConcurrentGCThread "G1 Main Marker" [stack: 0x00000064dd700000,0x00000064dd800000] [id=24780]
  0x000001f4a8355800 ConcurrentGCThread "G1 Conc#0" [stack: 0x00000064dd800000,0x00000064dd900000] [id=28284]

[error occurred during error reporting (printing all threads), id 0xc0000005, EXCEPTION_ACCESS_VIOLATION (0xc0000005) at pc=0x00007ffa51859c47]

VM state:not at safepoint (not fully initialized)

VM Mutex/Monitor currently owned by a thread:  ([mutex/lock_event])
[0x000001f4a8307ba0] Heap_lock - owner thread: 0x000001f4a830a000

Heap address: 0x0000000082600000, size: 2010 MB, Compressed Oops mode: Non-zero based: 0x0000000082600000
Narrow klass base: 0x0000000000000000, Narrow klass shift: 0

GC Heap History (0 events):
No events

Deoptimization events (0 events):
No events

Classes redefined (0 events):
No events

Internal exceptions (0 events):
No events

Events (1 events):
Event: 0.012 Loaded shared library C:\Program Files\Android\Android Studio\jre\bin\zip.dll


Dynamic libraries:
0x00007ff609f30000 - 0x00007ff609f3a000 	C:\Program Files\Android\Android Studio\jre\bin\java.exe
0x00007ffac1cb0000 - 0x00007ffac1ea5000 	C:\WINDOWS\SYSTEM32\ntdll.dll
0x00007ffac0c60000 - 0x00007ffac0d1e000 	C:\WINDOWS\System32\KERNEL32.DLL
0x00007ffabf630000 - 0x00007ffabf8f9000 	C:\WINDOWS\System32\KERNELBASE.dll
0x00007ffabf3d0000 - 0x00007ffabf4d0000 	C:\WINDOWS\System32\ucrtbase.dll
0x00007ffab8a10000 - 0x00007ffab8a29000 	C:\Program Files\Android\Android Studio\jre\bin\jli.dll
0x00007ffaac3d0000 - 0x00007ffaac3e7000 	C:\Program Files\Android\Android Studio\jre\bin\VCRUNTIME140.dll
0x00007ffac03c0000 - 0x00007ffac0561000 	C:\WINDOWS\System32\USER32.dll
0x00007ffabf950000 - 0x00007ffabf972000 	C:\WINDOWS\System32\win32u.dll
0x00007ffac1a70000 - 0x00007ffac1a9b000 	C:\WINDOWS\System32\GDI32.dll
0x00007ffabfbf0000 - 0x00007ffabfcfb000 	C:\WINDOWS\System32\gdi32full.dll
0x00007ffabf980000 - 0x00007ffabfa1d000 	C:\WINDOWS\System32\msvcp_win.dll
0x00007ffaac680000 - 0x00007ffaac91a000 	C:\WINDOWS\WinSxS\amd64_microsoft.windows.common-controls_6595b64144ccf1df_6.0.19041.1110_none_60b5254171f9507e\COMCTL32.dll
0x00007ffabfef0000 - 0x00007ffabff8e000 	C:\WINDOWS\System32\msvcrt.dll
0x00007ffac0c20000 - 0x00007ffac0c50000 	C:\WINDOWS\System32\IMM32.DLL
0x00007ffa93b10000 - 0x00007ffa93bad000 	C:\Program Files\Android\Android Studio\jre\bin\msvcp140.dll
0x00007ffa51570000 - 0x00007ffa52045000 	C:\Program Files\Android\Android Studio\jre\bin\server\jvm.dll
0x00007ffabffa0000 - 0x00007ffac004c000 	C:\WINDOWS\System32\ADVAPI32.dll
0x00007ffac0050000 - 0x00007ffac00eb000 	C:\WINDOWS\System32\sechost.dll
0x00007ffac0570000 - 0x00007ffac069a000 	C:\WINDOWS\System32\RPCRT4.dll
0x00007ffabff90000 - 0x00007ffabff98000 	C:\WINDOWS\System32\PSAPI.DLL
0x00007ffaa29b0000 - 0x00007ffaa29b9000 	C:\WINDOWS\SYSTEM32\WSOCK32.dll
0x00007ffaabce0000 - 0x00007ffaabd07000 	C:\WINDOWS\SYSTEM32\WINMM.dll
0x00007ffab2fc0000 - 0x00007ffab2fca000 	C:\WINDOWS\SYSTEM32\VERSION.dll
0x00007ffac06a0000 - 0x00007ffac070b000 	C:\WINDOWS\System32\WS2_32.dll
0x00007ffabdca0000 - 0x00007ffabdcb2000 	C:\WINDOWS\SYSTEM32\kernel.appcore.dll
0x00007ffab6c00000 - 0x00007ffab6c11000 	C:\Program Files\Android\Android Studio\jre\bin\verify.dll
0x00007ffabd1c0000 - 0x00007ffabd3a4000 	C:\WINDOWS\SYSTEM32\DBGHELP.DLL
0x00007ffaad6d0000 - 0x00007ffaad6fc000 	C:\WINDOWS\SYSTEM32\dbgcore.DLL
0x00007ffabfa20000 - 0x00007ffabfaa3000 	C:\WINDOWS\System32\bcryptPrimitives.dll
0x00007ffaacf60000 - 0x00007ffaacf89000 	C:\Program Files\Android\Android Studio\jre\bin\java.dll
0x00007ffaba720000 - 0x00007ffaba72b000 	C:\Program Files\Android\Android Studio\jre\bin\jimage.dll
0x00007ffab6be0000 - 0x00007ffab6bf8000 	C:\Program Files\Android\Android Studio\jre\bin\zip.dll

dbghelp: loaded successfully - version: 4.0.5 - missing functions: none
symbol engine: initialized successfully - sym options: 0x614 - pdb path: .;C:\Program Files\Android\Android Studio\jre\bin;C:\WINDOWS\SYSTEM32;C:\WINDOWS\WinSxS\amd64_microsoft.windows.common-controls_6595b64144ccf1df_6.0.19041.1110_none_60b5254171f9507e;C:\Program Files\Android\Android Studio\jre\bin\server

VM Arguments:
java_command: org.jetbrains.kotlin.cli.jvm.K2JVMCompiler @C:\Users\PaulF\AndroidStudioProjects\CS991\app\build\20220328_2366264247986027552.compiler.options
java_class_path (initial): C:\Users\PaulF\.gradle\caches\modules-2\files-2.1\org.jetbrains.kotlin\kotlin-compiler-embeddable\1.6.10\88f2073f4020cdb83132cfe940ceb9a60aba54ea\kotlin-compiler-embeddable-1.6.10.jar;C:\Users\PaulF\.gradle\caches\modules-2\files-2.1\org.jetbrains.kotlin\kotlin-reflect\1.6.10\1cbe9c92c12a94eea200d23c2bbaedaf3daf5132\kotlin-reflect-1.6.10.jar;C:\Users\PaulF\.gradle\caches\modules-2\files-2.1\org.jetbrains.kotlin\kotlin-stdlib\1.6.10\b8af3fe6f1ca88526914929add63cf5e7c5049af\kotlin-stdlib-1.6.10.jar;C:\Users\PaulF\.gradle\caches\modules-2\files-2.1\org.jetbrains.kotlin\kotlin-script-runtime\1.6.10\d0a7ff2e2500ef497ed0214ae40ad3c8387a6164\kotlin-script-runtime-1.6.10.jar;C:\Users\PaulF\.gradle\caches\modules-2\files-2.1\org.jetbrains.kotlin\kotlin-daemon-embeddable\1.6.10\a56d79bcbea411fa6058e4ecffc2de73e742bd2a\kotlin-daemon-embeddable-1.6.10.jar;C:\Users\PaulF\.gradle\caches\modules-2\files-2.1\org.jetbrains.intellij.deps\trove4j\1.0.20181211\216c2e14b070f334479d800987affe4054cd563f\trove4j-1.0.20181211.jar;C:\Users\PaulF\.gradle\caches\modules-2\files-2.1\net.java.dev.jna\jna\5.6.0\330f2244e9030119ab3030fc3fededc86713d9cc\jna-5.6.0.jar;C:\Users\PaulF\.gradle\caches\modules-2\files-2.1\org.jetbrains\annotations\13.0\919f0dfe192fb4e063e7dacadee7f8bb9a2672a9\annotations-13.0.jar;C:\Users\PaulF\.gradle\caches\modules-2\files-2.1\org.jetbrains.kotlin\kotlin-stdlib-common\1.6.10\c118700e3a33c8a0d9adc920e9dec0831171925\kotlin-stdlib-common-1.6.10.jar
Launcher Type: SUN_STANDARD

[Global flags]
     intx CICompilerCount                          = 4                                         {product} {ergonomic}
     uint ConcGCThreads                            = 2                                         {product} {ergonomic}
     uint G1ConcRefinementThreads                  = 8                                         {product} {ergonomic}
   size_t G1HeapRegionSize                         = 1048576                                   {product} {ergonomic}
    uintx GCDrainStackTargetSize                   = 64                                        {product} {ergonomic}
   size_t InitialHeapSize                          = 132120576                                 {product} {ergonomic}
   size_t MarkStackSize                            = 4194304                                   {product} {ergonomic}
   size_t MaxHeapSize                              = 2107637760                                {product} {ergonomic}
   size_t MinHeapDeltaBytes                        = 1048576                                   {product} {ergonomic}
    uintx NonNMethodCodeHeapSize                   = 5836300                                {pd product} {ergonomic}
    uintx NonProfiledCodeHeapSize                  = 122910970                              {pd product} {ergonomic}
    uintx ProfiledCodeHeapSize                     = 122910970                              {pd product} {ergonomic}
    uintx ReservedCodeCacheSize                    = 251658240                              {pd product} {ergonomic}
     bool SegmentedCodeCache                       = true                                      {product} {ergonomic}
     bool UseCompressedClassPointers               = true                                 {lp64_product} {ergonomic}
     bool UseCompressedOops                        = true                                 {lp64_product} {ergonomic}
     bool UseG1GC                                  = true                                      {product} {ergonomic}
     bool UseLargePagesIndividualAllocation        = false                                  {pd product} {ergonomic}

Logging:
Log output configuration:
 #0: stdout all=warning uptime,level,tags
 #1: stderr all=off uptime,level,tags

Environment Variables:
PATH=C:\WINDOWS\system32;C:\WINDOWS;C:\WINDOWS\System32\Wbem;C:\WINDOWS\System32\WindowsPowerShell\v1.0\;C:\WINDOWS\System32\OpenSSH\;C:\Program Files (x86)\Intel\Intel(R) Management Engine Components\DAL;C:\Program Files\Intel\Intel(R) Management Engine Components\DAL;C:\Program Files\Git\cmd;C:\Program Files\Intel\WiFi\bin\;C:\Program Files\Common Files\Intel\WirelessCommon\;C:\Users\PaulF\AppData\Local\Programs\Python\Python39\Scripts\;C:\Users\PaulF\AppData\Local\Programs\Python\Python39\;C:\Users\PaulF\AppData\Local\Microsoft\WindowsApps;;C:\Users\PaulF\AppData\Local\Programs\Microsoft VS Code\bin
USERNAME=PaulF
OS=Windows_NT
PROCESSOR_IDENTIFIER=Intel64 Family 6 Model 142 Stepping 10, GenuineIntel



---------------  S Y S T E M  ---------------

OS: Windows 10 , 64 bit Build 19041 (10.0.19041.1202)
OS uptime: 7 days 23:09 hours

CPU:total 8 (initial active 8) (4 cores per cpu, 2 threads per core) family 6 model 142 stepping 10 microcode 0xb4, cmov, cx8, fxsr, mmx, sse, sse2, sse3, ssse3, sse4.1, sse4.2, popcnt, avx, avx2, aes, clmul, erms, 3dnowpref, lzcnt, ht, tsc, tscinvbit, bmi1, bmi2, adx, fma

Memory: 4k page, system-wide physical 8034M (371M free)
TotalPageFile size 18207M (AvailPageFile size 67M)
current process WorkingSet (physical memory assigned to process): 9M, peak: 9M
current process commit charge ("private bytes"): 59M, peak: 185M

vm_info: OpenJDK 64-Bit Server VM (11.0.11+9-b60-7590822) for windows-amd64 JRE (11.0.11+9-b60-7590822), built on Jul 29 2021 21:43:44 by "builder" with MS VC++ 14.0 (VS2015)

END.
